<?xml version="1.0" encoding="UTF-8"?>
<testsuites name="TS_Buying Product" time="120.743" tests="3" failures="0" errors="0">
   <testsuite name="TS_Buying Product" tests="3" failures="0" errors="0" time="120.743" skipped="0" timestamp="13-11-2024T11:28:25" hostname="aq - DESKTOP-4SVMIJA" id="Test Suites/Juice/TS_Buying Product">
      <properties>
         <property name="deviceName" value=""/>
         <property name="devicePlatform"/>
         <property name="logFolder" value="C:\\Users\\aq\\Katalon Studio\\TAK_Akhir\\Reports\\20241113_112815\\Juice\\TS_Buying Product\\20241113_112816"/>
         <property name="logFiles" value="C:\\Users\\aq\\Katalon Studio\\TAK_Akhir\\Reports\\20241113_112815\\Juice\\TS_Buying Product\\20241113_112816\\execution0.log"/>
         <property name="attachments" value=""/>
         <property name="hostName" value="aq - DESKTOP-4SVMIJA"/>
         <property name="os" value="Windows 11 64bit"/>
         <property name="katalonVersion" value="9.7.2.223"/>
         <property name="browser" value="Chrome 130.0.0.0"/>
         <property name="hostAddress" value="192.168.1.6"/>
         <property name="sessionId" value="f2cacc431fceabc344855e51ea868d52"/>
         <property name="seleniumVersion" value="3.141.59"/>
         <property name="proxyInformation" value="ProxyInformation { proxyOption=NO_PROXY, proxyServerType=HTTP, username=, password=********, proxyServerAddress=, proxyServerPort=0, executionList=&quot;&quot;, isApplyToDesiredCapabilities=true }"/>
         <property name="platform" value="Windows 11"/>
      </properties>
      <testcase name="Test Cases/TC_Juice/TC_Buying Products" time="41.205" classname="Test Cases/TC_Juice/TC_Buying Products" status="PASSED">
         <system-out><![CDATA[13-11-2024T11:28:25 - [TEST_CASE][PASSED] - Test Cases/TC_Juice/TC_Buying Products: Test Cases/TC_Juice/TC_Buying Products

13-11-2024T11:28:25 - [TEST_STEP][PASSED] - callTestCase(findTestCase("TC_Juice/TC_Create Account"), ["Email":Email, "Password":Password], STOP_ON_FAILURE): Call Test Case 'Test Cases/TC_Juice/TC_Create Account' successfully

13-11-2024T11:28:25 - [TEST_CASE][PASSED] - Test Cases/TC_Juice/TC_Create Account: Test Cases/TC_Juice/TC_Create Account

13-11-2024T11:28:25 - [TEST_STEP][PASSED] - callTestCase(findTestCase("TC_Juice/Block/Browser URL"), [:], STOP_ON_FAILURE): Call Test Case 'Test Cases/TC_Juice/Block/Browser URL' successfully

13-11-2024T11:28:25 - [TEST_CASE][PASSED] - Test Cases/TC_Juice/Block/Browser URL: Test Cases/TC_Juice/Block/Browser URL

13-11-2024T11:28:25 - [TEST_STEP][PASSED] - openBrowser(""): Browser is opened with url: ''

13-11-2024T11:28:25 - [MESSAGE][INFO] - Starting 'Chrome' driver

13-11-2024T11:28:25 - [MESSAGE][INFO] - Action delay is set to 0 milliseconds

13-11-2024T11:28:26 - [MESSAGE][PASSED] - Browser is opened with url: ''

13-11-2024T11:28:26 - [TEST_STEP][PASSED] - navigateToUrl("https://juice-shop.herokuapp.com/#/"): Navigate to 'https://juice-shop.herokuapp.com/#/' successfully

13-11-2024T11:28:32 - [MESSAGE][PASSED] - Navigate to 'https://juice-shop.herokuapp.com/#/' successfully

13-11-2024T11:28:32 - [MESSAGE][PASSED] - Call Test Case 'Test Cases/TC_Juice/Block/Browser URL' successfully

13-11-2024T11:28:32 - [TEST_STEP][PASSED] - click(findTestObject("Juice/Create Account/Button_Dismiss")): Object: 'Object Repository/Juice/Create Account/Button_Dismiss' is clicked on

13-11-2024T11:28:32 - [MESSAGE][PASSED] - Object: 'Object Repository/Juice/Create Account/Button_Dismiss' is clicked on

13-11-2024T11:28:32 - [TEST_STEP][PASSED] - click(findTestObject("Juice/Create Account/Button Account")): Object: 'Object Repository/Juice/Create Account/Button Account' is clicked on

13-11-2024T11:28:33 - [MESSAGE][PASSED] - Object: 'Object Repository/Juice/Create Account/Button Account' is clicked on

13-11-2024T11:28:33 - [TEST_STEP][PASSED] - click(findTestObject("Juice/Create Account/Button Login")): Object: 'Object Repository/Juice/Create Account/Button Login' is clicked on

13-11-2024T11:28:34 - [MESSAGE][PASSED] - Object: 'Object Repository/Juice/Create Account/Button Login' is clicked on

13-11-2024T11:28:34 - [TEST_STEP][PASSED] - click(findTestObject("Juice/Create Account/div_Not yet a customer")): Object: 'Object Repository/Juice/Create Account/div_Not yet a customer' is clicked on

13-11-2024T11:28:34 - [MESSAGE][PASSED] - Object: 'Object Repository/Juice/Create Account/div_Not yet a customer' is clicked on

13-11-2024T11:28:34 - [TEST_STEP][PASSED] - setText(findTestObject("Juice/Create Account/input_RegisterEmail"), Email): Text 'ace6@gmail.com' is set on object 'Object Repository/Juice/Create Account/input_RegisterEmail'

13-11-2024T11:28:35 - [MESSAGE][PASSED] - Text 'ace6@gmail.com' is set on object 'Object Repository/Juice/Create Account/input_RegisterEmail'

13-11-2024T11:28:35 - [TEST_STEP][PASSED] - setEncryptedText(findTestObject("Juice/Create Account/input_RegisterPassword"), Password): Text ****** has been set on object 'Object Repository/Juice/Create Account/input_RegisterPassword'

13-11-2024T11:28:35 - [MESSAGE][PASSED] - Text ****** has been set on object 'Object Repository/Juice/Create Account/input_RegisterPassword'

13-11-2024T11:28:35 - [TEST_STEP][PASSED] - setEncryptedText(findTestObject("Juice/Create Account/input_Password must be 5-40 characters long_eeca64"), Password): Text ****** has been set on object 'Object Repository/Juice/Create Account/input_Password must be 5-40 characters long_eeca64'

13-11-2024T11:28:36 - [MESSAGE][PASSED] - Text ****** has been set on object 'Object Repository/Juice/Create Account/input_Password must be 5-40 characters long_eeca64'

13-11-2024T11:28:36 - [TEST_STEP][PASSED] - click(findTestObject("Juice/Create Account/span_SecurityDropdown")): Object: 'Object Repository/Juice/Create Account/span_SecurityDropdown' is clicked on

13-11-2024T11:28:36 - [MESSAGE][PASSED] - Object: 'Object Repository/Juice/Create Account/span_SecurityDropdown' is clicked on

13-11-2024T11:28:36 - [TEST_STEP][PASSED] - click(findTestObject("Juice/Create Account/span_Your eldest siblings middle name"), STOP_ON_FAILURE): Object: 'Object Repository/Juice/Create Account/span_Your eldest siblings middle name' is clicked on

13-11-2024T11:28:36 - [MESSAGE][PASSED] - Object: 'Object Repository/Juice/Create Account/span_Your eldest siblings middle name' is clicked on

13-11-2024T11:28:36 - [TEST_STEP][PASSED] - setText(findTestObject("Juice/Create Account/input_SecurityAnswer"), "tole"): Text 'tole' is set on object 'Object Repository/Juice/Create Account/input_SecurityAnswer'

13-11-2024T11:28:37 - [MESSAGE][PASSED] - Text 'tole' is set on object 'Object Repository/Juice/Create Account/input_SecurityAnswer'

13-11-2024T11:28:37 - [TEST_STEP][PASSED] - click(findTestObject("Juice/Create Account/Button_Register")): Object: 'Object Repository/Juice/Create Account/Button_Register' is clicked on

13-11-2024T11:28:37 - [MESSAGE][PASSED] - Object: 'Object Repository/Juice/Create Account/Button_Register' is clicked on

13-11-2024T11:28:37 - [TEST_STEP][PASSED] - verifyElementText(findTestObject("Juice/Create Account/h1_Login"), "Login", OPTIONAL): Actual text 'User Registration' and expected text 'Login' of test object 'Object Repository/Juice/Create Account/h1_Login' are NOT matched. (Root cause: com.kms.katalon.core.exception.StepFailedException: Actual text 'User Registration' and expected text 'Login' of test object 'Object Repository/Juice/Create Account/h1_Login' are NOT matched.
	at com.kms.katalon.core.webui.keyword.internal.WebUIKeywordMain.stepFailed(WebUIKeywordMain.groovy:117)
	at com.kms.katalon.core.webui.keyword.builtin.VerifyElementTextKeyword$_verifyElementText_closure1.doCall(VerifyElementTextKeyword.groovy:57)
	at com.kms.katalon.core.webui.keyword.builtin.VerifyElementTextKeyword$_verifyElementText_closure1.call(VerifyElementTextKeyword.groovy)
	at com.kms.katalon.core.webui.keyword.internal.WebUIKeywordMain.runKeyword(WebUIKeywordMain.groovy:35)
	at com.kms.katalon.core.webui.keyword.builtin.VerifyElementTextKeyword.verifyElementText(VerifyElementTextKeyword.groovy:72)
	at com.kms.katalon.core.webui.keyword.builtin.VerifyElementTextKeyword.execute(VerifyElementTextKeyword.groovy:40)
	at com.kms.katalon.core.keyword.internal.KeywordExecutor.executeKeywordForPlatform(KeywordExecutor.groovy:74)
	at com.kms.katalon.core.webui.keyword.WebUiBuiltInKeywords.verifyElementText(WebUiBuiltInKeywords.groovy:4819)
	at TC_Create Account.run(TC_Create Account:44)
	at com.kms.katalon.core.main.ScriptEngine.run(ScriptEngine.java:194)
	at com.kms.katalon.core.main.ScriptEngine.runScriptAsRawText(ScriptEngine.java:119)
	at com.kms.katalon.core.main.TestCaseExecutor.runScript(TestCaseExecutor.java:448)
	at com.kms.katalon.core.main.TestCaseExecutor.doExecute(TestCaseExecutor.java:439)
	at com.kms.katalon.core.main.TestCaseExecutor.processExecutionPhase(TestCaseExecutor.java:418)
	at com.kms.katalon.core.main.TestCaseExecutor.accessMainPhase(TestCaseExecutor.java:410)
	at com.kms.katalon.core.main.TestCaseExecutor.execute(TestCaseExecutor.java:285)
	at com.kms.katalon.core.main.TestCaseMain.runTestCase(TestCaseMain.java:137)
	at com.kms.katalon.core.keyword.builtin.CallTestCaseKeyword$_callTestCase_closure1.doCall(CallTestCaseKeyword.groovy:59)
	at com.kms.katalon.core.keyword.builtin.CallTestCaseKeyword$_callTestCase_closure1.call(CallTestCaseKeyword.groovy)
	at com.kms.katalon.core.keyword.internal.KeywordMain.runKeyword(KeywordMain.groovy:75)
	at com.kms.katalon.core.keyword.builtin.CallTestCaseKeyword.callTestCase(CallTestCaseKeyword.groovy:81)
	at com.kms.katalon.core.keyword.builtin.CallTestCaseKeyword.execute(CallTestCaseKeyword.groovy:44)
	at com.kms.katalon.core.keyword.internal.KeywordExecutor.executeKeywordForPlatform(KeywordExecutor.groovy:74)
	at com.kms.katalon.core.keyword.BuiltinKeywords.callTestCase(BuiltinKeywords.groovy:310)
	at java.base/jdk.internal.reflect.NativeMethodAccessorImpl.invoke0(Native Method)
	at java.base/jdk.internal.reflect.NativeMethodAccessorImpl.invoke(NativeMethodAccessorImpl.java:77)
	at java.base/jdk.internal.reflect.DelegatingMethodAccessorImpl.invoke(DelegatingMethodAccessorImpl.java:43)
	at TC_Buying Products.run(TC_Buying Products:20)
	at com.kms.katalon.core.main.ScriptEngine.run(ScriptEngine.java:194)
	at com.kms.katalon.core.main.ScriptEngine.runScriptAsRawText(ScriptEngine.java:119)
	at com.kms.katalon.core.main.TestCaseExecutor.runScript(TestCaseExecutor.java:448)
	at com.kms.katalon.core.main.TestCaseExecutor.doExecute(TestCaseExecutor.java:439)
	at com.kms.katalon.core.main.TestCaseExecutor.processExecutionPhase(TestCaseExecutor.java:418)
	at com.kms.katalon.core.main.TestCaseExecutor.accessMainPhase(TestCaseExecutor.java:410)
	at com.kms.katalon.core.main.TestCaseExecutor.execute(TestCaseExecutor.java:285)
	at com.kms.katalon.core.common.CommonExecutor.accessTestCaseMainPhase(CommonExecutor.java:65)
	at com.kms.katalon.core.main.TestSuiteExecutor.accessTestSuiteMainPhase(TestSuiteExecutor.java:150)
	at com.kms.katalon.core.main.TestSuiteExecutor.execute(TestSuiteExecutor.java:106)
	at com.kms.katalon.core.main.TestCaseMain.startTestSuite(TestCaseMain.java:180)
	at TempTestSuite1731472096273.run(TempTestSuite1731472096273.groovy:35)
	at java.base/jdk.internal.reflect.NativeMethodAccessorImpl.invoke0(Native Method)
	at java.base/jdk.internal.reflect.NativeMethodAccessorImpl.invoke(NativeMethodAccessorImpl.java:77)
	at java.base/jdk.internal.reflect.DelegatingMethodAccessorImpl.invoke(DelegatingMethodAccessorImpl.java:43)
)

13-11-2024T11:28:38 - [MESSAGE][WARNING] - Actual text 'User Registration' and expected text 'Login' of test object 'Object Repository/Juice/Create Account/h1_Login' are NOT matched. (Root cause: com.kms.katalon.core.exception.StepFailedException: Actual text 'User Registration' and expected text 'Login' of test object 'Object Repository/Juice/Create Account/h1_Login' are NOT matched.
	at com.kms.katalon.core.webui.keyword.internal.WebUIKeywordMain.stepFailed(WebUIKeywordMain.groovy:117)
	at com.kms.katalon.core.webui.keyword.builtin.VerifyElementTextKeyword$_verifyElementText_closure1.doCall(VerifyElementTextKeyword.groovy:57)
	at com.kms.katalon.core.webui.keyword.builtin.VerifyElementTextKeyword$_verifyElementText_closure1.call(VerifyElementTextKeyword.groovy)
	at com.kms.katalon.core.webui.keyword.internal.WebUIKeywordMain.runKeyword(WebUIKeywordMain.groovy:35)
	at com.kms.katalon.core.webui.keyword.builtin.VerifyElementTextKeyword.verifyElementText(VerifyElementTextKeyword.groovy:72)
	at com.kms.katalon.core.webui.keyword.builtin.VerifyElementTextKeyword.execute(VerifyElementTextKeyword.groovy:40)
	at com.kms.katalon.core.keyword.internal.KeywordExecutor.executeKeywordForPlatform(KeywordExecutor.groovy:74)
	at com.kms.katalon.core.webui.keyword.WebUiBuiltInKeywords.verifyElementText(WebUiBuiltInKeywords.groovy:4819)
	at TC_Create Account.run(TC_Create Account:44)
	at com.kms.katalon.core.main.ScriptEngine.run(ScriptEngine.java:194)
	at com.kms.katalon.core.main.ScriptEngine.runScriptAsRawText(ScriptEngine.java:119)
	at com.kms.katalon.core.main.TestCaseExecutor.runScript(TestCaseExecutor.java:448)
	at com.kms.katalon.core.main.TestCaseExecutor.doExecute(TestCaseExecutor.java:439)
	at com.kms.katalon.core.main.TestCaseExecutor.processExecutionPhase(TestCaseExecutor.java:418)
	at com.kms.katalon.core.main.TestCaseExecutor.accessMainPhase(TestCaseExecutor.java:410)
	at com.kms.katalon.core.main.TestCaseExecutor.execute(TestCaseExecutor.java:285)
	at com.kms.katalon.core.main.TestCaseMain.runTestCase(TestCaseMain.java:137)
	at com.kms.katalon.core.keyword.builtin.CallTestCaseKeyword$_callTestCase_closure1.doCall(CallTestCaseKeyword.groovy:59)
	at com.kms.katalon.core.keyword.builtin.CallTestCaseKeyword$_callTestCase_closure1.call(CallTestCaseKeyword.groovy)
	at com.kms.katalon.core.keyword.internal.KeywordMain.runKeyword(KeywordMain.groovy:75)
	at com.kms.katalon.core.keyword.builtin.CallTestCaseKeyword.callTestCase(CallTestCaseKeyword.groovy:81)
	at com.kms.katalon.core.keyword.builtin.CallTestCaseKeyword.execute(CallTestCaseKeyword.groovy:44)
	at com.kms.katalon.core.keyword.internal.KeywordExecutor.executeKeywordForPlatform(KeywordExecutor.groovy:74)
	at com.kms.katalon.core.keyword.BuiltinKeywords.callTestCase(BuiltinKeywords.groovy:310)
	at java.base/jdk.internal.reflect.NativeMethodAccessorImpl.invoke0(Native Method)
	at java.base/jdk.internal.reflect.NativeMethodAccessorImpl.invoke(NativeMethodAccessorImpl.java:77)
	at java.base/jdk.internal.reflect.DelegatingMethodAccessorImpl.invoke(DelegatingMethodAccessorImpl.java:43)
	at TC_Buying Products.run(TC_Buying Products:20)
	at com.kms.katalon.core.main.ScriptEngine.run(ScriptEngine.java:194)
	at com.kms.katalon.core.main.ScriptEngine.runScriptAsRawText(ScriptEngine.java:119)
	at com.kms.katalon.core.main.TestCaseExecutor.runScript(TestCaseExecutor.java:448)
	at com.kms.katalon.core.main.TestCaseExecutor.doExecute(TestCaseExecutor.java:439)
	at com.kms.katalon.core.main.TestCaseExecutor.processExecutionPhase(TestCaseExecutor.java:418)
	at com.kms.katalon.core.main.TestCaseExecutor.accessMainPhase(TestCaseExecutor.java:410)
	at com.kms.katalon.core.main.TestCaseExecutor.execute(TestCaseExecutor.java:285)
	at com.kms.katalon.core.common.CommonExecutor.accessTestCaseMainPhase(CommonExecutor.java:65)
	at com.kms.katalon.core.main.TestSuiteExecutor.accessTestSuiteMainPhase(TestSuiteExecutor.java:150)
	at com.kms.katalon.core.main.TestSuiteExecutor.execute(TestSuiteExecutor.java:106)
	at com.kms.katalon.core.main.TestCaseMain.startTestSuite(TestCaseMain.java:180)
	at TempTestSuite1731472096273.run(TempTestSuite1731472096273.groovy:35)
	at java.base/jdk.internal.reflect.NativeMethodAccessorImpl.invoke0(Native Method)
	at java.base/jdk.internal.reflect.NativeMethodAccessorImpl.invoke(NativeMethodAccessorImpl.java:77)
	at java.base/jdk.internal.reflect.DelegatingMethodAccessorImpl.invoke(DelegatingMethodAccessorImpl.java:43)
)

13-11-2024T11:28:38 - [MESSAGE][PASSED] - Call Test Case 'Test Cases/TC_Juice/TC_Create Account' successfully

13-11-2024T11:28:38 - [TEST_STEP][PASSED] - callTestCase(findTestCase("TC_Juice/Block/Login"), ["Email":Email, "Password":Password], STOP_ON_FAILURE): Call Test Case 'Test Cases/TC_Juice/Block/Login' successfully

13-11-2024T11:28:38 - [TEST_CASE][PASSED] - Test Cases/TC_Juice/Block/Login: Test Cases/TC_Juice/Block/Login

13-11-2024T11:28:38 - [TEST_STEP][PASSED] - click(findTestObject("Object Repository/Juice/Login/span_Account")): Object: 'Object Repository/Juice/Login/span_Account' is clicked on

13-11-2024T11:28:38 - [MESSAGE][PASSED] - Object: 'Object Repository/Juice/Login/span_Account' is clicked on

13-11-2024T11:28:38 - [TEST_STEP][PASSED] - click(findTestObject("Object Repository/Juice/Login/button_exit_to_app  Login")): Object: 'Object Repository/Juice/Login/button_exit_to_app  Login' is clicked on

13-11-2024T11:28:38 - [MESSAGE][PASSED] - Object: 'Object Repository/Juice/Login/button_exit_to_app  Login' is clicked on

13-11-2024T11:28:38 - [TEST_STEP][PASSED] - setText(findTestObject("Object Repository/Juice/Login/input_Login_email"), Email): Text 'ace6@gmail.com' is set on object 'Object Repository/Juice/Login/input_Login_email'

13-11-2024T11:28:39 - [MESSAGE][PASSED] - Text 'ace6@gmail.com' is set on object 'Object Repository/Juice/Login/input_Login_email'

13-11-2024T11:28:39 - [TEST_STEP][PASSED] - setEncryptedText(findTestObject("Object Repository/Juice/Login/input_Email_password"), Password): Text ****** has been set on object 'Object Repository/Juice/Login/input_Email_password'

13-11-2024T11:28:40 - [MESSAGE][PASSED] - Text ****** has been set on object 'Object Repository/Juice/Login/input_Email_password'

13-11-2024T11:28:40 - [TEST_STEP][PASSED] - click(findTestObject("Object Repository/Juice/Login/button_exit_to_app  Log in")): Object: 'Object Repository/Juice/Login/button_exit_to_app  Log in' is clicked on

13-11-2024T11:28:40 - [MESSAGE][PASSED] - Object: 'Object Repository/Juice/Login/button_exit_to_app  Log in' is clicked on

13-11-2024T11:28:40 - [TEST_STEP][PASSED] - click(findTestObject("Object Repository/Juice/Login/button_account_circle  Account")): Object: 'Object Repository/Juice/Login/button_account_circle  Account' is clicked on

13-11-2024T11:28:41 - [MESSAGE][PASSED] - Object: 'Object Repository/Juice/Login/button_account_circle  Account' is clicked on

13-11-2024T11:28:41 - [TEST_STEP][PASSED] - verifyElementText(findTestObject("Object Repository/Juice/Login/span_testgmail.com"), Email): Actual text and expected text of test object 'Object Repository/Juice/Login/span_testgmail.com' are matched.

13-11-2024T11:28:42 - [MESSAGE][PASSED] - Actual text and expected text of test object 'Object Repository/Juice/Login/span_testgmail.com' are matched.

13-11-2024T11:28:42 - [MESSAGE][PASSED] - Call Test Case 'Test Cases/TC_Juice/Block/Login' successfully

13-11-2024T11:28:42 - [TEST_STEP][PASSED] - callTestCase(findTestCase("TC_Juice/Block/Add Address"), ["Country":Country, "Name":Name, "MNumber":MNumber, "ZCode":ZCode, "Address":Address, "State":State, "City":City], STOP_ON_FAILURE): Call Test Case 'Test Cases/TC_Juice/Block/Add Address' successfully

13-11-2024T11:28:42 - [TEST_CASE][PASSED] - Test Cases/TC_Juice/Block/Add Address: Test Cases/TC_Juice/Block/Add Address

13-11-2024T11:28:42 - [TEST_STEP][PASSED] - click(findTestObject("Juice/Add Address/Button_OrdersPayment")): Object: 'Object Repository/Juice/Add Address/Button_OrdersPayment' is clicked on

13-11-2024T11:28:42 - [MESSAGE][PASSED] - Object: 'Object Repository/Juice/Add Address/Button_OrdersPayment' is clicked on

13-11-2024T11:28:42 - [TEST_STEP][PASSED] - click(findTestObject("Juice/Add Address/Button_MySavedAddress")): Object: 'Object Repository/Juice/Add Address/Button_MySavedAddress' is clicked on

13-11-2024T11:28:42 - [MESSAGE][PASSED] - Object: 'Object Repository/Juice/Add Address/Button_MySavedAddress' is clicked on

13-11-2024T11:28:42 - [TEST_STEP][PASSED] - click(findTestObject("Juice/Add Address/Button_AddNewAddress")): Object: 'Object Repository/Juice/Add Address/Button_AddNewAddress' is clicked on

13-11-2024T11:28:43 - [MESSAGE][PASSED] - Object: 'Object Repository/Juice/Add Address/Button_AddNewAddress' is clicked on

13-11-2024T11:28:43 - [TEST_STEP][PASSED] - setText(findTestObject("Juice/Add Address/input_Country"), Country): Text 'Country1' is set on object 'Object Repository/Juice/Add Address/input_Country'

13-11-2024T11:28:44 - [MESSAGE][PASSED] - Text 'Country1' is set on object 'Object Repository/Juice/Add Address/input_Country'

13-11-2024T11:28:44 - [TEST_STEP][PASSED] - setText(findTestObject("Juice/Add Address/input_Name"), Name): Text 'Nama1' is set on object 'Object Repository/Juice/Add Address/input_Name'

13-11-2024T11:28:44 - [MESSAGE][PASSED] - Text 'Nama1' is set on object 'Object Repository/Juice/Add Address/input_Name'

13-11-2024T11:28:44 - [TEST_STEP][PASSED] - setText(findTestObject("Juice/Add Address/input_MobileNumber"), MNumber): Text '10283910' is set on object 'Object Repository/Juice/Add Address/input_MobileNumber'

13-11-2024T11:28:45 - [MESSAGE][PASSED] - Text '10283910' is set on object 'Object Repository/Juice/Add Address/input_MobileNumber'

13-11-2024T11:28:45 - [TEST_STEP][PASSED] - setText(findTestObject("Juice/Add Address/input_ZipCode"), ZCode): Text '13451' is set on object 'Object Repository/Juice/Add Address/input_ZipCode'

13-11-2024T11:28:46 - [MESSAGE][PASSED] - Text '13451' is set on object 'Object Repository/Juice/Add Address/input_ZipCode'

13-11-2024T11:28:46 - [TEST_STEP][PASSED] - setText(findTestObject("Juice/Add Address/textarea_Address"), Address): Text 'Address1' is set on object 'Object Repository/Juice/Add Address/textarea_Address'

13-11-2024T11:28:46 - [MESSAGE][PASSED] - Text 'Address1' is set on object 'Object Repository/Juice/Add Address/textarea_Address'

13-11-2024T11:28:46 - [TEST_STEP][PASSED] - setText(findTestObject("Juice/Add Address/input_City"), City): Text 'City1' is set on object 'Object Repository/Juice/Add Address/input_City'

13-11-2024T11:28:47 - [MESSAGE][PASSED] - Text 'City1' is set on object 'Object Repository/Juice/Add Address/input_City'

13-11-2024T11:28:47 - [TEST_STEP][PASSED] - setText(findTestObject("Juice/Add Address/input_State"), State): Text 'State1' is set on object 'Object Repository/Juice/Add Address/input_State'

13-11-2024T11:28:47 - [MESSAGE][PASSED] - Text 'State1' is set on object 'Object Repository/Juice/Add Address/input_State'

13-11-2024T11:28:47 - [TEST_STEP][PASSED] - click(findTestObject("Juice/Add Address/button_send  Submit")): Object: 'Object Repository/Juice/Add Address/button_send  Submit' is clicked on

13-11-2024T11:28:47 - [MESSAGE][PASSED] - Object: 'Object Repository/Juice/Add Address/button_send  Submit' is clicked on

13-11-2024T11:28:47 - [TEST_STEP][PASSED] - verifyElementText(findTestObject("Juice/Add Address/mat-TitleName"), Name): Actual text and expected text of test object 'Object Repository/Juice/Add Address/mat-TitleName' are matched.

13-11-2024T11:28:48 - [MESSAGE][PASSED] - Actual text and expected text of test object 'Object Repository/Juice/Add Address/mat-TitleName' are matched.

13-11-2024T11:28:48 - [MESSAGE][PASSED] - Call Test Case 'Test Cases/TC_Juice/Block/Add Address' successfully

13-11-2024T11:28:48 - [TEST_STEP][PASSED] - click(findTestObject("Juice/Add Payment/Button_Account")): Object: 'Object Repository/Juice/Add Payment/Button_Account' is clicked on

13-11-2024T11:28:48 - [MESSAGE][PASSED] - Object: 'Object Repository/Juice/Add Payment/Button_Account' is clicked on

13-11-2024T11:28:48 - [TEST_STEP][PASSED] - callTestCase(findTestCase("TC_Juice/Block/Add Payment"), ["CCName":CCName, "CCNumber":CCNumber, "CCMonth":CCMounth, "CCYear":CCYear], STOP_ON_FAILURE): Call Test Case 'Test Cases/TC_Juice/Block/Add Payment' successfully

13-11-2024T11:28:49 - [TEST_CASE][PASSED] - Test Cases/TC_Juice/Block/Add Payment: Test Cases/TC_Juice/Block/Add Payment

13-11-2024T11:28:49 - [TEST_STEP][PASSED] - click(findTestObject("Juice/Add Payment/Button_OrdersPayment")): Object: 'Object Repository/Juice/Add Payment/Button_OrdersPayment' is clicked on

13-11-2024T11:28:49 - [MESSAGE][PASSED] - Object: 'Object Repository/Juice/Add Payment/Button_OrdersPayment' is clicked on

13-11-2024T11:28:49 - [TEST_STEP][PASSED] - click(findTestObject("Juice/Add Payment/Button_My Payment Options")): Object: 'Object Repository/Juice/Add Payment/Button_My Payment Options' is clicked on

13-11-2024T11:28:49 - [MESSAGE][PASSED] - Object: 'Object Repository/Juice/Add Payment/Button_My Payment Options' is clicked on

13-11-2024T11:28:49 - [TEST_STEP][PASSED] - click(findTestObject("Juice/Add Payment/mat-panel-title_Add new card")): Object: 'Object Repository/Juice/Add Payment/mat-panel-title_Add new card' is clicked on

13-11-2024T11:28:50 - [MESSAGE][PASSED] - Object: 'Object Repository/Juice/Add Payment/mat-panel-title_Add new card' is clicked on

13-11-2024T11:28:50 - [TEST_STEP][PASSED] - setText(findTestObject("Juice/Add Payment/input_CCName"), CCName): Text 'Test1' is set on object 'Object Repository/Juice/Add Payment/input_CCName'

13-11-2024T11:28:51 - [MESSAGE][PASSED] - Text 'Test1' is set on object 'Object Repository/Juice/Add Payment/input_CCName'

13-11-2024T11:28:51 - [TEST_STEP][PASSED] - setText(findTestObject("Juice/Add Payment/input_CardNumber"), CCNumber): Text '1230987890213450' is set on object 'Object Repository/Juice/Add Payment/input_CardNumber'

13-11-2024T11:28:51 - [MESSAGE][PASSED] - Text '1230987890213450' is set on object 'Object Repository/Juice/Add Payment/input_CardNumber'

13-11-2024T11:28:51 - [TEST_STEP][PASSED] - selectOptionByValue(findTestObject("Juice/Add Payment/select_Month"), CCMonth, true): All options with value '7' are selected in object 'Object Repository/Juice/Add Payment/select_Month'  using regular expression

13-11-2024T11:28:52 - [MESSAGE][PASSED] - All options with value '7' are selected in object 'Object Repository/Juice/Add Payment/select_Month'  using regular expression

13-11-2024T11:28:52 - [TEST_STEP][PASSED] - selectOptionByValue(findTestObject("Juice/Add Payment/select_Year"), CCYear, true): All options with value '2084' are selected in object 'Object Repository/Juice/Add Payment/select_Year'  using regular expression

13-11-2024T11:28:53 - [MESSAGE][PASSED] - All options with value '2084' are selected in object 'Object Repository/Juice/Add Payment/select_Year'  using regular expression

13-11-2024T11:28:53 - [TEST_STEP][PASSED] - click(findTestObject("Juice/Add Payment/Button_Submit")): Object: 'Object Repository/Juice/Add Payment/Button_Submit' is clicked on

13-11-2024T11:28:53 - [MESSAGE][PASSED] - Object: 'Object Repository/Juice/Add Payment/Button_Submit' is clicked on

13-11-2024T11:28:53 - [TEST_STEP][PASSED] - verifyElementText(findTestObject("Juice/Add Payment/mat-cell_TittleCCName"), CCName): Actual text and expected text of test object 'Object Repository/Juice/Add Payment/mat-cell_TittleCCName' are matched.

13-11-2024T11:28:54 - [MESSAGE][PASSED] - Actual text and expected text of test object 'Object Repository/Juice/Add Payment/mat-cell_TittleCCName' are matched.

13-11-2024T11:28:54 - [MESSAGE][PASSED] - Call Test Case 'Test Cases/TC_Juice/Block/Add Payment' successfully

13-11-2024T11:28:54 - [TEST_STEP][PASSED] - click(findTestObject("Juice/Buying Products/button_OWASP Juice Shop")): Object: 'Object Repository/Juice/Buying Products/button_OWASP Juice Shop' is clicked on

13-11-2024T11:28:54 - [MESSAGE][PASSED] - Object: 'Object Repository/Juice/Buying Products/button_OWASP Juice Shop' is clicked on

13-11-2024T11:28:54 - [TEST_STEP][PASSED] - click(findTestObject("Juice/Buying Products/Button_Add to Basket")): Object: 'Object Repository/Juice/Buying Products/Button_Add to Basket' is clicked on

13-11-2024T11:28:55 - [MESSAGE][PASSED] - Object: 'Object Repository/Juice/Buying Products/Button_Add to Basket' is clicked on

13-11-2024T11:28:55 - [TEST_STEP][PASSED] - click(findTestObject("Juice/Buying Products/button_Add to Basket_1")): Object: 'Object Repository/Juice/Buying Products/button_Add to Basket_1' is clicked on

13-11-2024T11:28:57 - [MESSAGE][PASSED] - Object: 'Object Repository/Juice/Buying Products/button_Add to Basket_1' is clicked on

13-11-2024T11:28:57 - [TEST_STEP][PASSED] - click(findTestObject("Juice/Buying Products/button_Add to Basket_1_2_3")): Object: 'Object Repository/Juice/Buying Products/button_Add to Basket_1_2_3' is clicked on

13-11-2024T11:28:58 - [MESSAGE][PASSED] - Object: 'Object Repository/Juice/Buying Products/button_Add to Basket_1_2_3' is clicked on

13-11-2024T11:28:58 - [TEST_STEP][PASSED] - click(findTestObject("Juice/Buying Products/button_cart")): Object: 'Object Repository/Juice/Buying Products/button_cart' is clicked on

13-11-2024T11:29:00 - [MESSAGE][PASSED] - Object: 'Object Repository/Juice/Buying Products/button_cart' is clicked on

13-11-2024T11:29:00 - [TEST_STEP][PASSED] - click(findTestObject("Juice/Buying Products/button_Checkout")): Object: 'Object Repository/Juice/Buying Products/button_Checkout' is clicked on

13-11-2024T11:29:00 - [MESSAGE][PASSED] - Object: 'Object Repository/Juice/Buying Products/button_Checkout' is clicked on

13-11-2024T11:29:00 - [TEST_STEP][PASSED] - click(findTestObject("Juice/Buying Products/span_RadioAddress")): Object: 'Object Repository/Juice/Buying Products/span_RadioAddress' is clicked on

13-11-2024T11:29:01 - [MESSAGE][PASSED] - Object: 'Object Repository/Juice/Buying Products/span_RadioAddress' is clicked on

13-11-2024T11:29:01 - [TEST_STEP][PASSED] - click(findTestObject("Juice/Buying Products/button_navigate_next Continue")): Object: 'Object Repository/Juice/Buying Products/button_navigate_next Continue' is clicked on

13-11-2024T11:29:02 - [MESSAGE][PASSED] - Object: 'Object Repository/Juice/Buying Products/button_navigate_next Continue' is clicked on

13-11-2024T11:29:02 - [TEST_STEP][PASSED] - click(Delivery): Object: 'Object Repository/Juice/Buying Products/span_Delivery5Days' is clicked on

13-11-2024T11:29:02 - [MESSAGE][PASSED] - Object: 'Object Repository/Juice/Buying Products/span_Delivery5Days' is clicked on

13-11-2024T11:29:02 - [TEST_STEP][PASSED] - select_delivery = Delivery: null

13-11-2024T11:29:02 - [TEST_STEP][PASSED] - click(findTestObject("Juice/Buying Products/button_navigate_next Continue")): Object: 'Object Repository/Juice/Buying Products/button_navigate_next Continue' is clicked on

13-11-2024T11:29:03 - [MESSAGE][PASSED] - Object: 'Object Repository/Juice/Buying Products/button_navigate_next Continue' is clicked on

13-11-2024T11:29:03 - [TEST_STEP][PASSED] - click(findTestObject("Juice/Buying Products/span_RadioPayment")): Object: 'Object Repository/Juice/Buying Products/span_RadioPayment' is clicked on

13-11-2024T11:29:04 - [MESSAGE][PASSED] - Object: 'Object Repository/Juice/Buying Products/span_RadioPayment' is clicked on

13-11-2024T11:29:04 - [TEST_STEP][PASSED] - click(findTestObject("Juice/Buying Products/button_navigate_next Continue")): Object: 'Object Repository/Juice/Buying Products/button_navigate_next Continue' is clicked on

13-11-2024T11:29:04 - [MESSAGE][PASSED] - Object: 'Object Repository/Juice/Buying Products/button_navigate_next Continue' is clicked on

13-11-2024T11:29:04 - [TEST_STEP][PASSED] - click(findTestObject("Juice/Buying Products/button_Place your order and pay")): Object: 'Object Repository/Juice/Buying Products/button_Place your order and pay' is clicked on

13-11-2024T11:29:05 - [MESSAGE][PASSED] - Object: 'Object Repository/Juice/Buying Products/button_Place your order and pay' is clicked on

13-11-2024T11:29:05 - [TEST_STEP][PASSED] - verifyElementText(findTestObject("Juice/Buying Products/h1_Thank you for your purchase"), "Thank you for your purchase!"): Actual text and expected text of test object 'Object Repository/Juice/Buying Products/h1_Thank you for your purchase' are matched.

13-11-2024T11:29:06 - [MESSAGE][PASSED] - Actual text and expected text of test object 'Object Repository/Juice/Buying Products/h1_Thank you for your purchase' are matched.

13-11-2024T11:29:06 - [TEST_STEP][PASSED] - switch (select_delivery): null]]></system-out>
         <system-err><![CDATA[]]></system-err>
      </testcase>
      <testcase name="Test Cases/TC_Juice/TC_Buying Products" time="39.598" classname="Test Cases/TC_Juice/TC_Buying Products" status="PASSED">
         <system-out><![CDATA[13-11-2024T11:29:06 - [TEST_CASE][PASSED] - Test Cases/TC_Juice/TC_Buying Products: Test Cases/TC_Juice/TC_Buying Products

13-11-2024T11:29:06 - [TEST_STEP][PASSED] - callTestCase(findTestCase("TC_Juice/TC_Create Account"), ["Email":Email, "Password":Password], STOP_ON_FAILURE): Call Test Case 'Test Cases/TC_Juice/TC_Create Account' successfully

13-11-2024T11:29:06 - [TEST_CASE][PASSED] - Test Cases/TC_Juice/TC_Create Account: Test Cases/TC_Juice/TC_Create Account

13-11-2024T11:29:06 - [TEST_STEP][PASSED] - callTestCase(findTestCase("TC_Juice/Block/Browser URL"), [:], STOP_ON_FAILURE): Call Test Case 'Test Cases/TC_Juice/Block/Browser URL' successfully

13-11-2024T11:29:06 - [TEST_CASE][PASSED] - Test Cases/TC_Juice/Block/Browser URL: Test Cases/TC_Juice/Block/Browser URL

13-11-2024T11:29:06 - [TEST_STEP][PASSED] - openBrowser(""): Browser is opened with url: ''

13-11-2024T11:29:06 - [MESSAGE][WARNING] - A browser is already opened. Closing browser and opening a new one

13-11-2024T11:29:06 - [MESSAGE][INFO] - Starting 'Chrome' driver

13-11-2024T11:29:06 - [MESSAGE][INFO] - Action delay is set to 0 milliseconds

13-11-2024T11:29:07 - [MESSAGE][PASSED] - Browser is opened with url: ''

13-11-2024T11:29:07 - [TEST_STEP][PASSED] - navigateToUrl("https://juice-shop.herokuapp.com/#/"): Navigate to 'https://juice-shop.herokuapp.com/#/' successfully

13-11-2024T11:29:12 - [MESSAGE][PASSED] - Navigate to 'https://juice-shop.herokuapp.com/#/' successfully

13-11-2024T11:29:12 - [MESSAGE][PASSED] - Call Test Case 'Test Cases/TC_Juice/Block/Browser URL' successfully

13-11-2024T11:29:12 - [TEST_STEP][PASSED] - click(findTestObject("Juice/Create Account/Button_Dismiss")): Object: 'Object Repository/Juice/Create Account/Button_Dismiss' is clicked on

13-11-2024T11:29:13 - [MESSAGE][PASSED] - Object: 'Object Repository/Juice/Create Account/Button_Dismiss' is clicked on

13-11-2024T11:29:13 - [TEST_STEP][PASSED] - click(findTestObject("Juice/Create Account/Button Account")): Object: 'Object Repository/Juice/Create Account/Button Account' is clicked on

13-11-2024T11:29:13 - [MESSAGE][PASSED] - Object: 'Object Repository/Juice/Create Account/Button Account' is clicked on

13-11-2024T11:29:13 - [TEST_STEP][PASSED] - click(findTestObject("Juice/Create Account/Button Login")): Object: 'Object Repository/Juice/Create Account/Button Login' is clicked on

13-11-2024T11:29:14 - [MESSAGE][PASSED] - Object: 'Object Repository/Juice/Create Account/Button Login' is clicked on

13-11-2024T11:29:14 - [TEST_STEP][PASSED] - click(findTestObject("Juice/Create Account/div_Not yet a customer")): Object: 'Object Repository/Juice/Create Account/div_Not yet a customer' is clicked on

13-11-2024T11:29:15 - [MESSAGE][PASSED] - Object: 'Object Repository/Juice/Create Account/div_Not yet a customer' is clicked on

13-11-2024T11:29:15 - [TEST_STEP][PASSED] - setText(findTestObject("Juice/Create Account/input_RegisterEmail"), Email): Text 'ace7@gmail.com' is set on object 'Object Repository/Juice/Create Account/input_RegisterEmail'

13-11-2024T11:29:15 - [MESSAGE][PASSED] - Text 'ace7@gmail.com' is set on object 'Object Repository/Juice/Create Account/input_RegisterEmail'

13-11-2024T11:29:15 - [TEST_STEP][PASSED] - setEncryptedText(findTestObject("Juice/Create Account/input_RegisterPassword"), Password): Text ****** has been set on object 'Object Repository/Juice/Create Account/input_RegisterPassword'

13-11-2024T11:29:16 - [MESSAGE][PASSED] - Text ****** has been set on object 'Object Repository/Juice/Create Account/input_RegisterPassword'

13-11-2024T11:29:16 - [TEST_STEP][PASSED] - setEncryptedText(findTestObject("Juice/Create Account/input_Password must be 5-40 characters long_eeca64"), Password): Text ****** has been set on object 'Object Repository/Juice/Create Account/input_Password must be 5-40 characters long_eeca64'

13-11-2024T11:29:16 - [MESSAGE][PASSED] - Text ****** has been set on object 'Object Repository/Juice/Create Account/input_Password must be 5-40 characters long_eeca64'

13-11-2024T11:29:16 - [TEST_STEP][PASSED] - click(findTestObject("Juice/Create Account/span_SecurityDropdown")): Object: 'Object Repository/Juice/Create Account/span_SecurityDropdown' is clicked on

13-11-2024T11:29:16 - [MESSAGE][PASSED] - Object: 'Object Repository/Juice/Create Account/span_SecurityDropdown' is clicked on

13-11-2024T11:29:16 - [TEST_STEP][PASSED] - click(findTestObject("Juice/Create Account/span_Your eldest siblings middle name"), STOP_ON_FAILURE): Object: 'Object Repository/Juice/Create Account/span_Your eldest siblings middle name' is clicked on

13-11-2024T11:29:17 - [MESSAGE][PASSED] - Object: 'Object Repository/Juice/Create Account/span_Your eldest siblings middle name' is clicked on

13-11-2024T11:29:17 - [TEST_STEP][PASSED] - setText(findTestObject("Juice/Create Account/input_SecurityAnswer"), "tole"): Text 'tole' is set on object 'Object Repository/Juice/Create Account/input_SecurityAnswer'

13-11-2024T11:29:17 - [MESSAGE][PASSED] - Text 'tole' is set on object 'Object Repository/Juice/Create Account/input_SecurityAnswer'

13-11-2024T11:29:17 - [TEST_STEP][PASSED] - click(findTestObject("Juice/Create Account/Button_Register")): Object: 'Object Repository/Juice/Create Account/Button_Register' is clicked on

13-11-2024T11:29:18 - [MESSAGE][PASSED] - Object: 'Object Repository/Juice/Create Account/Button_Register' is clicked on

13-11-2024T11:29:18 - [TEST_STEP][PASSED] - verifyElementText(findTestObject("Juice/Create Account/h1_Login"), "Login", OPTIONAL): Actual text 'User Registration' and expected text 'Login' of test object 'Object Repository/Juice/Create Account/h1_Login' are NOT matched. (Root cause: com.kms.katalon.core.exception.StepFailedException: Actual text 'User Registration' and expected text 'Login' of test object 'Object Repository/Juice/Create Account/h1_Login' are NOT matched.
	at com.kms.katalon.core.webui.keyword.internal.WebUIKeywordMain.stepFailed(WebUIKeywordMain.groovy:117)
	at com.kms.katalon.core.webui.keyword.builtin.VerifyElementTextKeyword$_verifyElementText_closure1.doCall(VerifyElementTextKeyword.groovy:57)
	at com.kms.katalon.core.webui.keyword.builtin.VerifyElementTextKeyword$_verifyElementText_closure1.call(VerifyElementTextKeyword.groovy)
	at com.kms.katalon.core.webui.keyword.internal.WebUIKeywordMain.runKeyword(WebUIKeywordMain.groovy:35)
	at com.kms.katalon.core.webui.keyword.builtin.VerifyElementTextKeyword.verifyElementText(VerifyElementTextKeyword.groovy:72)
	at com.kms.katalon.core.webui.keyword.builtin.VerifyElementTextKeyword.execute(VerifyElementTextKeyword.groovy:40)
	at com.kms.katalon.core.keyword.internal.KeywordExecutor.executeKeywordForPlatform(KeywordExecutor.groovy:74)
	at com.kms.katalon.core.webui.keyword.WebUiBuiltInKeywords.verifyElementText(WebUiBuiltInKeywords.groovy:4819)
	at TC_Create Account.run(TC_Create Account:44)
	at com.kms.katalon.core.main.ScriptEngine.run(ScriptEngine.java:194)
	at com.kms.katalon.core.main.ScriptEngine.runScriptAsRawText(ScriptEngine.java:119)
	at com.kms.katalon.core.main.TestCaseExecutor.runScript(TestCaseExecutor.java:448)
	at com.kms.katalon.core.main.TestCaseExecutor.doExecute(TestCaseExecutor.java:439)
	at com.kms.katalon.core.main.TestCaseExecutor.processExecutionPhase(TestCaseExecutor.java:418)
	at com.kms.katalon.core.main.TestCaseExecutor.accessMainPhase(TestCaseExecutor.java:410)
	at com.kms.katalon.core.main.TestCaseExecutor.execute(TestCaseExecutor.java:285)
	at com.kms.katalon.core.main.TestCaseMain.runTestCase(TestCaseMain.java:137)
	at com.kms.katalon.core.keyword.builtin.CallTestCaseKeyword$_callTestCase_closure1.doCall(CallTestCaseKeyword.groovy:59)
	at com.kms.katalon.core.keyword.builtin.CallTestCaseKeyword$_callTestCase_closure1.call(CallTestCaseKeyword.groovy)
	at com.kms.katalon.core.keyword.internal.KeywordMain.runKeyword(KeywordMain.groovy:75)
	at com.kms.katalon.core.keyword.builtin.CallTestCaseKeyword.callTestCase(CallTestCaseKeyword.groovy:81)
	at com.kms.katalon.core.keyword.builtin.CallTestCaseKeyword.execute(CallTestCaseKeyword.groovy:44)
	at com.kms.katalon.core.keyword.internal.KeywordExecutor.executeKeywordForPlatform(KeywordExecutor.groovy:74)
	at com.kms.katalon.core.keyword.BuiltinKeywords.callTestCase(BuiltinKeywords.groovy:310)
	at java.base/jdk.internal.reflect.NativeMethodAccessorImpl.invoke0(Native Method)
	at java.base/jdk.internal.reflect.NativeMethodAccessorImpl.invoke(NativeMethodAccessorImpl.java:77)
	at java.base/jdk.internal.reflect.DelegatingMethodAccessorImpl.invoke(DelegatingMethodAccessorImpl.java:43)
	at TC_Buying Products.run(TC_Buying Products:20)
	at com.kms.katalon.core.main.ScriptEngine.run(ScriptEngine.java:194)
	at com.kms.katalon.core.main.ScriptEngine.runScriptAsRawText(ScriptEngine.java:119)
	at com.kms.katalon.core.main.TestCaseExecutor.runScript(TestCaseExecutor.java:448)
	at com.kms.katalon.core.main.TestCaseExecutor.doExecute(TestCaseExecutor.java:439)
	at com.kms.katalon.core.main.TestCaseExecutor.processExecutionPhase(TestCaseExecutor.java:418)
	at com.kms.katalon.core.main.TestCaseExecutor.accessMainPhase(TestCaseExecutor.java:410)
	at com.kms.katalon.core.main.TestCaseExecutor.execute(TestCaseExecutor.java:285)
	at com.kms.katalon.core.common.CommonExecutor.accessTestCaseMainPhase(CommonExecutor.java:65)
	at com.kms.katalon.core.main.TestSuiteExecutor.accessTestSuiteMainPhase(TestSuiteExecutor.java:150)
	at com.kms.katalon.core.main.TestSuiteExecutor.execute(TestSuiteExecutor.java:106)
	at com.kms.katalon.core.main.TestCaseMain.startTestSuite(TestCaseMain.java:180)
	at TempTestSuite1731472096273.run(TempTestSuite1731472096273.groovy:35)
	at java.base/jdk.internal.reflect.NativeMethodAccessorImpl.invoke0(Native Method)
	at java.base/jdk.internal.reflect.NativeMethodAccessorImpl.invoke(NativeMethodAccessorImpl.java:77)
	at java.base/jdk.internal.reflect.DelegatingMethodAccessorImpl.invoke(DelegatingMethodAccessorImpl.java:43)
)

13-11-2024T11:29:18 - [MESSAGE][WARNING] - Actual text 'User Registration' and expected text 'Login' of test object 'Object Repository/Juice/Create Account/h1_Login' are NOT matched. (Root cause: com.kms.katalon.core.exception.StepFailedException: Actual text 'User Registration' and expected text 'Login' of test object 'Object Repository/Juice/Create Account/h1_Login' are NOT matched.
	at com.kms.katalon.core.webui.keyword.internal.WebUIKeywordMain.stepFailed(WebUIKeywordMain.groovy:117)
	at com.kms.katalon.core.webui.keyword.builtin.VerifyElementTextKeyword$_verifyElementText_closure1.doCall(VerifyElementTextKeyword.groovy:57)
	at com.kms.katalon.core.webui.keyword.builtin.VerifyElementTextKeyword$_verifyElementText_closure1.call(VerifyElementTextKeyword.groovy)
	at com.kms.katalon.core.webui.keyword.internal.WebUIKeywordMain.runKeyword(WebUIKeywordMain.groovy:35)
	at com.kms.katalon.core.webui.keyword.builtin.VerifyElementTextKeyword.verifyElementText(VerifyElementTextKeyword.groovy:72)
	at com.kms.katalon.core.webui.keyword.builtin.VerifyElementTextKeyword.execute(VerifyElementTextKeyword.groovy:40)
	at com.kms.katalon.core.keyword.internal.KeywordExecutor.executeKeywordForPlatform(KeywordExecutor.groovy:74)
	at com.kms.katalon.core.webui.keyword.WebUiBuiltInKeywords.verifyElementText(WebUiBuiltInKeywords.groovy:4819)
	at TC_Create Account.run(TC_Create Account:44)
	at com.kms.katalon.core.main.ScriptEngine.run(ScriptEngine.java:194)
	at com.kms.katalon.core.main.ScriptEngine.runScriptAsRawText(ScriptEngine.java:119)
	at com.kms.katalon.core.main.TestCaseExecutor.runScript(TestCaseExecutor.java:448)
	at com.kms.katalon.core.main.TestCaseExecutor.doExecute(TestCaseExecutor.java:439)
	at com.kms.katalon.core.main.TestCaseExecutor.processExecutionPhase(TestCaseExecutor.java:418)
	at com.kms.katalon.core.main.TestCaseExecutor.accessMainPhase(TestCaseExecutor.java:410)
	at com.kms.katalon.core.main.TestCaseExecutor.execute(TestCaseExecutor.java:285)
	at com.kms.katalon.core.main.TestCaseMain.runTestCase(TestCaseMain.java:137)
	at com.kms.katalon.core.keyword.builtin.CallTestCaseKeyword$_callTestCase_closure1.doCall(CallTestCaseKeyword.groovy:59)
	at com.kms.katalon.core.keyword.builtin.CallTestCaseKeyword$_callTestCase_closure1.call(CallTestCaseKeyword.groovy)
	at com.kms.katalon.core.keyword.internal.KeywordMain.runKeyword(KeywordMain.groovy:75)
	at com.kms.katalon.core.keyword.builtin.CallTestCaseKeyword.callTestCase(CallTestCaseKeyword.groovy:81)
	at com.kms.katalon.core.keyword.builtin.CallTestCaseKeyword.execute(CallTestCaseKeyword.groovy:44)
	at com.kms.katalon.core.keyword.internal.KeywordExecutor.executeKeywordForPlatform(KeywordExecutor.groovy:74)
	at com.kms.katalon.core.keyword.BuiltinKeywords.callTestCase(BuiltinKeywords.groovy:310)
	at java.base/jdk.internal.reflect.NativeMethodAccessorImpl.invoke0(Native Method)
	at java.base/jdk.internal.reflect.NativeMethodAccessorImpl.invoke(NativeMethodAccessorImpl.java:77)
	at java.base/jdk.internal.reflect.DelegatingMethodAccessorImpl.invoke(DelegatingMethodAccessorImpl.java:43)
	at TC_Buying Products.run(TC_Buying Products:20)
	at com.kms.katalon.core.main.ScriptEngine.run(ScriptEngine.java:194)
	at com.kms.katalon.core.main.ScriptEngine.runScriptAsRawText(ScriptEngine.java:119)
	at com.kms.katalon.core.main.TestCaseExecutor.runScript(TestCaseExecutor.java:448)
	at com.kms.katalon.core.main.TestCaseExecutor.doExecute(TestCaseExecutor.java:439)
	at com.kms.katalon.core.main.TestCaseExecutor.processExecutionPhase(TestCaseExecutor.java:418)
	at com.kms.katalon.core.main.TestCaseExecutor.accessMainPhase(TestCaseExecutor.java:410)
	at com.kms.katalon.core.main.TestCaseExecutor.execute(TestCaseExecutor.java:285)
	at com.kms.katalon.core.common.CommonExecutor.accessTestCaseMainPhase(CommonExecutor.java:65)
	at com.kms.katalon.core.main.TestSuiteExecutor.accessTestSuiteMainPhase(TestSuiteExecutor.java:150)
	at com.kms.katalon.core.main.TestSuiteExecutor.execute(TestSuiteExecutor.java:106)
	at com.kms.katalon.core.main.TestCaseMain.startTestSuite(TestCaseMain.java:180)
	at TempTestSuite1731472096273.run(TempTestSuite1731472096273.groovy:35)
	at java.base/jdk.internal.reflect.NativeMethodAccessorImpl.invoke0(Native Method)
	at java.base/jdk.internal.reflect.NativeMethodAccessorImpl.invoke(NativeMethodAccessorImpl.java:77)
	at java.base/jdk.internal.reflect.DelegatingMethodAccessorImpl.invoke(DelegatingMethodAccessorImpl.java:43)
)

13-11-2024T11:29:18 - [MESSAGE][PASSED] - Call Test Case 'Test Cases/TC_Juice/TC_Create Account' successfully

13-11-2024T11:29:18 - [TEST_STEP][PASSED] - callTestCase(findTestCase("TC_Juice/Block/Login"), ["Email":Email, "Password":Password], STOP_ON_FAILURE): Call Test Case 'Test Cases/TC_Juice/Block/Login' successfully

13-11-2024T11:29:18 - [TEST_CASE][PASSED] - Test Cases/TC_Juice/Block/Login: Test Cases/TC_Juice/Block/Login

13-11-2024T11:29:18 - [TEST_STEP][PASSED] - click(findTestObject("Object Repository/Juice/Login/span_Account")): Object: 'Object Repository/Juice/Login/span_Account' is clicked on

13-11-2024T11:29:18 - [MESSAGE][PASSED] - Object: 'Object Repository/Juice/Login/span_Account' is clicked on

13-11-2024T11:29:18 - [TEST_STEP][PASSED] - click(findTestObject("Object Repository/Juice/Login/button_exit_to_app  Login")): Object: 'Object Repository/Juice/Login/button_exit_to_app  Login' is clicked on

13-11-2024T11:29:19 - [MESSAGE][PASSED] - Object: 'Object Repository/Juice/Login/button_exit_to_app  Login' is clicked on

13-11-2024T11:29:19 - [TEST_STEP][PASSED] - setText(findTestObject("Object Repository/Juice/Login/input_Login_email"), Email): Text 'ace7@gmail.com' is set on object 'Object Repository/Juice/Login/input_Login_email'

13-11-2024T11:29:20 - [MESSAGE][PASSED] - Text 'ace7@gmail.com' is set on object 'Object Repository/Juice/Login/input_Login_email'

13-11-2024T11:29:20 - [TEST_STEP][PASSED] - setEncryptedText(findTestObject("Object Repository/Juice/Login/input_Email_password"), Password): Text ****** has been set on object 'Object Repository/Juice/Login/input_Email_password'

13-11-2024T11:29:20 - [MESSAGE][PASSED] - Text ****** has been set on object 'Object Repository/Juice/Login/input_Email_password'

13-11-2024T11:29:20 - [TEST_STEP][PASSED] - click(findTestObject("Object Repository/Juice/Login/button_exit_to_app  Log in")): Object: 'Object Repository/Juice/Login/button_exit_to_app  Log in' is clicked on

13-11-2024T11:29:20 - [MESSAGE][PASSED] - Object: 'Object Repository/Juice/Login/button_exit_to_app  Log in' is clicked on

13-11-2024T11:29:20 - [TEST_STEP][PASSED] - click(findTestObject("Object Repository/Juice/Login/button_account_circle  Account")): Object: 'Object Repository/Juice/Login/button_account_circle  Account' is clicked on

13-11-2024T11:29:21 - [MESSAGE][PASSED] - Object: 'Object Repository/Juice/Login/button_account_circle  Account' is clicked on

13-11-2024T11:29:21 - [TEST_STEP][PASSED] - verifyElementText(findTestObject("Object Repository/Juice/Login/span_testgmail.com"), Email): Actual text and expected text of test object 'Object Repository/Juice/Login/span_testgmail.com' are matched.

13-11-2024T11:29:22 - [MESSAGE][PASSED] - Actual text and expected text of test object 'Object Repository/Juice/Login/span_testgmail.com' are matched.

13-11-2024T11:29:22 - [MESSAGE][PASSED] - Call Test Case 'Test Cases/TC_Juice/Block/Login' successfully

13-11-2024T11:29:22 - [TEST_STEP][PASSED] - callTestCase(findTestCase("TC_Juice/Block/Add Address"), ["Country":Country, "Name":Name, "MNumber":MNumber, "ZCode":ZCode, "Address":Address, "State":State, "City":City], STOP_ON_FAILURE): Call Test Case 'Test Cases/TC_Juice/Block/Add Address' successfully

13-11-2024T11:29:22 - [TEST_CASE][PASSED] - Test Cases/TC_Juice/Block/Add Address: Test Cases/TC_Juice/Block/Add Address

13-11-2024T11:29:22 - [TEST_STEP][PASSED] - click(findTestObject("Juice/Add Address/Button_OrdersPayment")): Object: 'Object Repository/Juice/Add Address/Button_OrdersPayment' is clicked on

13-11-2024T11:29:22 - [MESSAGE][PASSED] - Object: 'Object Repository/Juice/Add Address/Button_OrdersPayment' is clicked on

13-11-2024T11:29:22 - [TEST_STEP][PASSED] - click(findTestObject("Juice/Add Address/Button_MySavedAddress")): Object: 'Object Repository/Juice/Add Address/Button_MySavedAddress' is clicked on

13-11-2024T11:29:23 - [MESSAGE][PASSED] - Object: 'Object Repository/Juice/Add Address/Button_MySavedAddress' is clicked on

13-11-2024T11:29:23 - [TEST_STEP][PASSED] - click(findTestObject("Juice/Add Address/Button_AddNewAddress")): Object: 'Object Repository/Juice/Add Address/Button_AddNewAddress' is clicked on

13-11-2024T11:29:23 - [MESSAGE][PASSED] - Object: 'Object Repository/Juice/Add Address/Button_AddNewAddress' is clicked on

13-11-2024T11:29:23 - [TEST_STEP][PASSED] - setText(findTestObject("Juice/Add Address/input_Country"), Country): Text 'Country2' is set on object 'Object Repository/Juice/Add Address/input_Country'

13-11-2024T11:29:24 - [MESSAGE][PASSED] - Text 'Country2' is set on object 'Object Repository/Juice/Add Address/input_Country'

13-11-2024T11:29:24 - [TEST_STEP][PASSED] - setText(findTestObject("Juice/Add Address/input_Name"), Name): Text 'Nama2' is set on object 'Object Repository/Juice/Add Address/input_Name'

13-11-2024T11:29:24 - [MESSAGE][PASSED] - Text 'Nama2' is set on object 'Object Repository/Juice/Add Address/input_Name'

13-11-2024T11:29:24 - [TEST_STEP][PASSED] - setText(findTestObject("Juice/Add Address/input_MobileNumber"), MNumber): Text '10283912' is set on object 'Object Repository/Juice/Add Address/input_MobileNumber'

13-11-2024T11:29:25 - [MESSAGE][PASSED] - Text '10283912' is set on object 'Object Repository/Juice/Add Address/input_MobileNumber'

13-11-2024T11:29:25 - [TEST_STEP][PASSED] - setText(findTestObject("Juice/Add Address/input_ZipCode"), ZCode): Text '13425' is set on object 'Object Repository/Juice/Add Address/input_ZipCode'

13-11-2024T11:29:26 - [MESSAGE][PASSED] - Text '13425' is set on object 'Object Repository/Juice/Add Address/input_ZipCode'

13-11-2024T11:29:26 - [TEST_STEP][PASSED] - setText(findTestObject("Juice/Add Address/textarea_Address"), Address): Text 'Address2' is set on object 'Object Repository/Juice/Add Address/textarea_Address'

13-11-2024T11:29:26 - [MESSAGE][PASSED] - Text 'Address2' is set on object 'Object Repository/Juice/Add Address/textarea_Address'

13-11-2024T11:29:26 - [TEST_STEP][PASSED] - setText(findTestObject("Juice/Add Address/input_City"), City): Text 'City2' is set on object 'Object Repository/Juice/Add Address/input_City'

13-11-2024T11:29:27 - [MESSAGE][PASSED] - Text 'City2' is set on object 'Object Repository/Juice/Add Address/input_City'

13-11-2024T11:29:27 - [TEST_STEP][PASSED] - setText(findTestObject("Juice/Add Address/input_State"), State): Text 'State2' is set on object 'Object Repository/Juice/Add Address/input_State'

13-11-2024T11:29:27 - [MESSAGE][PASSED] - Text 'State2' is set on object 'Object Repository/Juice/Add Address/input_State'

13-11-2024T11:29:27 - [TEST_STEP][PASSED] - click(findTestObject("Juice/Add Address/button_send  Submit")): Object: 'Object Repository/Juice/Add Address/button_send  Submit' is clicked on

13-11-2024T11:29:27 - [MESSAGE][PASSED] - Object: 'Object Repository/Juice/Add Address/button_send  Submit' is clicked on

13-11-2024T11:29:27 - [TEST_STEP][PASSED] - verifyElementText(findTestObject("Juice/Add Address/mat-TitleName"), Name): Actual text and expected text of test object 'Object Repository/Juice/Add Address/mat-TitleName' are matched.

13-11-2024T11:29:28 - [MESSAGE][PASSED] - Actual text and expected text of test object 'Object Repository/Juice/Add Address/mat-TitleName' are matched.

13-11-2024T11:29:28 - [MESSAGE][PASSED] - Call Test Case 'Test Cases/TC_Juice/Block/Add Address' successfully

13-11-2024T11:29:28 - [TEST_STEP][PASSED] - click(findTestObject("Juice/Add Payment/Button_Account")): Object: 'Object Repository/Juice/Add Payment/Button_Account' is clicked on

13-11-2024T11:29:29 - [MESSAGE][PASSED] - Object: 'Object Repository/Juice/Add Payment/Button_Account' is clicked on

13-11-2024T11:29:29 - [TEST_STEP][PASSED] - callTestCase(findTestCase("TC_Juice/Block/Add Payment"), ["CCName":CCName, "CCNumber":CCNumber, "CCMonth":CCMounth, "CCYear":CCYear], STOP_ON_FAILURE): Call Test Case 'Test Cases/TC_Juice/Block/Add Payment' successfully

13-11-2024T11:29:29 - [TEST_CASE][PASSED] - Test Cases/TC_Juice/Block/Add Payment: Test Cases/TC_Juice/Block/Add Payment

13-11-2024T11:29:29 - [TEST_STEP][PASSED] - click(findTestObject("Juice/Add Payment/Button_OrdersPayment")): Object: 'Object Repository/Juice/Add Payment/Button_OrdersPayment' is clicked on

13-11-2024T11:29:29 - [MESSAGE][PASSED] - Object: 'Object Repository/Juice/Add Payment/Button_OrdersPayment' is clicked on

13-11-2024T11:29:29 - [TEST_STEP][PASSED] - click(findTestObject("Juice/Add Payment/Button_My Payment Options")): Object: 'Object Repository/Juice/Add Payment/Button_My Payment Options' is clicked on

13-11-2024T11:29:30 - [MESSAGE][PASSED] - Object: 'Object Repository/Juice/Add Payment/Button_My Payment Options' is clicked on

13-11-2024T11:29:30 - [TEST_STEP][PASSED] - click(findTestObject("Juice/Add Payment/mat-panel-title_Add new card")): Object: 'Object Repository/Juice/Add Payment/mat-panel-title_Add new card' is clicked on

13-11-2024T11:29:30 - [MESSAGE][PASSED] - Object: 'Object Repository/Juice/Add Payment/mat-panel-title_Add new card' is clicked on

13-11-2024T11:29:30 - [TEST_STEP][PASSED] - setText(findTestObject("Juice/Add Payment/input_CCName"), CCName): Text 'Test2' is set on object 'Object Repository/Juice/Add Payment/input_CCName'

13-11-2024T11:29:31 - [MESSAGE][PASSED] - Text 'Test2' is set on object 'Object Repository/Juice/Add Payment/input_CCName'

13-11-2024T11:29:31 - [TEST_STEP][PASSED] - setText(findTestObject("Juice/Add Payment/input_CardNumber"), CCNumber): Text '1230987890213450' is set on object 'Object Repository/Juice/Add Payment/input_CardNumber'

13-11-2024T11:29:31 - [MESSAGE][PASSED] - Text '1230987890213450' is set on object 'Object Repository/Juice/Add Payment/input_CardNumber'

13-11-2024T11:29:31 - [TEST_STEP][PASSED] - selectOptionByValue(findTestObject("Juice/Add Payment/select_Month"), CCMonth, true): All options with value '8' are selected in object 'Object Repository/Juice/Add Payment/select_Month'  using regular expression

13-11-2024T11:29:32 - [MESSAGE][PASSED] - All options with value '8' are selected in object 'Object Repository/Juice/Add Payment/select_Month'  using regular expression

13-11-2024T11:29:32 - [TEST_STEP][PASSED] - selectOptionByValue(findTestObject("Juice/Add Payment/select_Year"), CCYear, true): All options with value '2085' are selected in object 'Object Repository/Juice/Add Payment/select_Year'  using regular expression

13-11-2024T11:29:33 - [MESSAGE][PASSED] - All options with value '2085' are selected in object 'Object Repository/Juice/Add Payment/select_Year'  using regular expression

13-11-2024T11:29:33 - [TEST_STEP][PASSED] - click(findTestObject("Juice/Add Payment/Button_Submit")): Object: 'Object Repository/Juice/Add Payment/Button_Submit' is clicked on

13-11-2024T11:29:33 - [MESSAGE][PASSED] - Object: 'Object Repository/Juice/Add Payment/Button_Submit' is clicked on

13-11-2024T11:29:33 - [TEST_STEP][PASSED] - verifyElementText(findTestObject("Juice/Add Payment/mat-cell_TittleCCName"), CCName): Actual text and expected text of test object 'Object Repository/Juice/Add Payment/mat-cell_TittleCCName' are matched.

13-11-2024T11:29:34 - [MESSAGE][PASSED] - Actual text and expected text of test object 'Object Repository/Juice/Add Payment/mat-cell_TittleCCName' are matched.

13-11-2024T11:29:34 - [MESSAGE][PASSED] - Call Test Case 'Test Cases/TC_Juice/Block/Add Payment' successfully

13-11-2024T11:29:34 - [TEST_STEP][PASSED] - click(findTestObject("Juice/Buying Products/button_OWASP Juice Shop")): Object: 'Object Repository/Juice/Buying Products/button_OWASP Juice Shop' is clicked on

13-11-2024T11:29:34 - [MESSAGE][PASSED] - Object: 'Object Repository/Juice/Buying Products/button_OWASP Juice Shop' is clicked on

13-11-2024T11:29:34 - [TEST_STEP][PASSED] - click(findTestObject("Juice/Buying Products/Button_Add to Basket")): Object: 'Object Repository/Juice/Buying Products/Button_Add to Basket' is clicked on

13-11-2024T11:29:35 - [MESSAGE][PASSED] - Object: 'Object Repository/Juice/Buying Products/Button_Add to Basket' is clicked on

13-11-2024T11:29:35 - [TEST_STEP][PASSED] - click(findTestObject("Juice/Buying Products/button_Add to Basket_1")): Object: 'Object Repository/Juice/Buying Products/button_Add to Basket_1' is clicked on

13-11-2024T11:29:37 - [MESSAGE][PASSED] - Object: 'Object Repository/Juice/Buying Products/button_Add to Basket_1' is clicked on

13-11-2024T11:29:37 - [TEST_STEP][PASSED] - click(findTestObject("Juice/Buying Products/button_Add to Basket_1_2_3")): Object: 'Object Repository/Juice/Buying Products/button_Add to Basket_1_2_3' is clicked on

13-11-2024T11:29:38 - [MESSAGE][PASSED] - Object: 'Object Repository/Juice/Buying Products/button_Add to Basket_1_2_3' is clicked on

13-11-2024T11:29:38 - [TEST_STEP][PASSED] - click(findTestObject("Juice/Buying Products/button_cart")): Object: 'Object Repository/Juice/Buying Products/button_cart' is clicked on

13-11-2024T11:29:39 - [MESSAGE][PASSED] - Object: 'Object Repository/Juice/Buying Products/button_cart' is clicked on

13-11-2024T11:29:39 - [TEST_STEP][PASSED] - click(findTestObject("Juice/Buying Products/button_Checkout")): Object: 'Object Repository/Juice/Buying Products/button_Checkout' is clicked on

13-11-2024T11:29:40 - [MESSAGE][PASSED] - Object: 'Object Repository/Juice/Buying Products/button_Checkout' is clicked on

13-11-2024T11:29:40 - [TEST_STEP][PASSED] - click(findTestObject("Juice/Buying Products/span_RadioAddress")): Object: 'Object Repository/Juice/Buying Products/span_RadioAddress' is clicked on

13-11-2024T11:29:41 - [MESSAGE][PASSED] - Object: 'Object Repository/Juice/Buying Products/span_RadioAddress' is clicked on

13-11-2024T11:29:41 - [TEST_STEP][PASSED] - click(findTestObject("Juice/Buying Products/button_navigate_next Continue")): Object: 'Object Repository/Juice/Buying Products/button_navigate_next Continue' is clicked on

13-11-2024T11:29:41 - [MESSAGE][PASSED] - Object: 'Object Repository/Juice/Buying Products/button_navigate_next Continue' is clicked on

13-11-2024T11:29:41 - [TEST_STEP][PASSED] - click(Delivery): Object: 'Object Repository/Juice/Buying Products/span_Delivery5Days' is clicked on

13-11-2024T11:29:42 - [MESSAGE][PASSED] - Object: 'Object Repository/Juice/Buying Products/span_Delivery5Days' is clicked on

13-11-2024T11:29:42 - [TEST_STEP][PASSED] - select_delivery = Delivery: null

13-11-2024T11:29:42 - [TEST_STEP][PASSED] - click(findTestObject("Juice/Buying Products/button_navigate_next Continue")): Object: 'Object Repository/Juice/Buying Products/button_navigate_next Continue' is clicked on

13-11-2024T11:29:42 - [MESSAGE][PASSED] - Object: 'Object Repository/Juice/Buying Products/button_navigate_next Continue' is clicked on

13-11-2024T11:29:42 - [TEST_STEP][PASSED] - click(findTestObject("Juice/Buying Products/span_RadioPayment")): Object: 'Object Repository/Juice/Buying Products/span_RadioPayment' is clicked on

13-11-2024T11:29:43 - [MESSAGE][PASSED] - Object: 'Object Repository/Juice/Buying Products/span_RadioPayment' is clicked on

13-11-2024T11:29:43 - [TEST_STEP][PASSED] - click(findTestObject("Juice/Buying Products/button_navigate_next Continue")): Object: 'Object Repository/Juice/Buying Products/button_navigate_next Continue' is clicked on

13-11-2024T11:29:44 - [MESSAGE][PASSED] - Object: 'Object Repository/Juice/Buying Products/button_navigate_next Continue' is clicked on

13-11-2024T11:29:44 - [TEST_STEP][PASSED] - click(findTestObject("Juice/Buying Products/button_Place your order and pay")): Object: 'Object Repository/Juice/Buying Products/button_Place your order and pay' is clicked on

13-11-2024T11:29:44 - [MESSAGE][PASSED] - Object: 'Object Repository/Juice/Buying Products/button_Place your order and pay' is clicked on

13-11-2024T11:29:44 - [TEST_STEP][PASSED] - verifyElementText(findTestObject("Juice/Buying Products/h1_Thank you for your purchase"), "Thank you for your purchase!"): Actual text and expected text of test object 'Object Repository/Juice/Buying Products/h1_Thank you for your purchase' are matched.

13-11-2024T11:29:46 - [MESSAGE][PASSED] - Actual text and expected text of test object 'Object Repository/Juice/Buying Products/h1_Thank you for your purchase' are matched.

13-11-2024T11:29:46 - [TEST_STEP][PASSED] - switch (select_delivery): null]]></system-out>
         <system-err><![CDATA[]]></system-err>
      </testcase>
      <testcase name="Test Cases/TC_Juice/TC_Buying Products" time="39.654" classname="Test Cases/TC_Juice/TC_Buying Products" status="PASSED">
         <system-out><![CDATA[13-11-2024T11:29:46 - [TEST_CASE][PASSED] - Test Cases/TC_Juice/TC_Buying Products: Test Cases/TC_Juice/TC_Buying Products

13-11-2024T11:29:46 - [TEST_STEP][PASSED] - callTestCase(findTestCase("TC_Juice/TC_Create Account"), ["Email":Email, "Password":Password], STOP_ON_FAILURE): Call Test Case 'Test Cases/TC_Juice/TC_Create Account' successfully

13-11-2024T11:29:46 - [TEST_CASE][PASSED] - Test Cases/TC_Juice/TC_Create Account: Test Cases/TC_Juice/TC_Create Account

13-11-2024T11:29:46 - [TEST_STEP][PASSED] - callTestCase(findTestCase("TC_Juice/Block/Browser URL"), [:], STOP_ON_FAILURE): Call Test Case 'Test Cases/TC_Juice/Block/Browser URL' successfully

13-11-2024T11:29:46 - [TEST_CASE][PASSED] - Test Cases/TC_Juice/Block/Browser URL: Test Cases/TC_Juice/Block/Browser URL

13-11-2024T11:29:46 - [TEST_STEP][PASSED] - openBrowser(""): Browser is opened with url: ''

13-11-2024T11:29:46 - [MESSAGE][WARNING] - A browser is already opened. Closing browser and opening a new one

13-11-2024T11:29:46 - [MESSAGE][INFO] - Starting 'Chrome' driver

13-11-2024T11:29:46 - [MESSAGE][INFO] - Action delay is set to 0 milliseconds

13-11-2024T11:29:46 - [MESSAGE][PASSED] - Browser is opened with url: ''

13-11-2024T11:29:46 - [TEST_STEP][PASSED] - navigateToUrl("https://juice-shop.herokuapp.com/#/"): Navigate to 'https://juice-shop.herokuapp.com/#/' successfully

13-11-2024T11:29:52 - [MESSAGE][PASSED] - Navigate to 'https://juice-shop.herokuapp.com/#/' successfully

13-11-2024T11:29:52 - [MESSAGE][PASSED] - Call Test Case 'Test Cases/TC_Juice/Block/Browser URL' successfully

13-11-2024T11:29:52 - [TEST_STEP][PASSED] - click(findTestObject("Juice/Create Account/Button_Dismiss")): Object: 'Object Repository/Juice/Create Account/Button_Dismiss' is clicked on

13-11-2024T11:29:52 - [MESSAGE][PASSED] - Object: 'Object Repository/Juice/Create Account/Button_Dismiss' is clicked on

13-11-2024T11:29:52 - [TEST_STEP][PASSED] - click(findTestObject("Juice/Create Account/Button Account")): Object: 'Object Repository/Juice/Create Account/Button Account' is clicked on

13-11-2024T11:29:53 - [MESSAGE][PASSED] - Object: 'Object Repository/Juice/Create Account/Button Account' is clicked on

13-11-2024T11:29:53 - [TEST_STEP][PASSED] - click(findTestObject("Juice/Create Account/Button Login")): Object: 'Object Repository/Juice/Create Account/Button Login' is clicked on

13-11-2024T11:29:53 - [MESSAGE][PASSED] - Object: 'Object Repository/Juice/Create Account/Button Login' is clicked on

13-11-2024T11:29:53 - [TEST_STEP][PASSED] - click(findTestObject("Juice/Create Account/div_Not yet a customer")): Object: 'Object Repository/Juice/Create Account/div_Not yet a customer' is clicked on

13-11-2024T11:29:54 - [MESSAGE][PASSED] - Object: 'Object Repository/Juice/Create Account/div_Not yet a customer' is clicked on

13-11-2024T11:29:54 - [TEST_STEP][PASSED] - setText(findTestObject("Juice/Create Account/input_RegisterEmail"), Email): Text 'ace8@gmail.com' is set on object 'Object Repository/Juice/Create Account/input_RegisterEmail'

13-11-2024T11:29:55 - [MESSAGE][PASSED] - Text 'ace8@gmail.com' is set on object 'Object Repository/Juice/Create Account/input_RegisterEmail'

13-11-2024T11:29:55 - [TEST_STEP][PASSED] - setEncryptedText(findTestObject("Juice/Create Account/input_RegisterPassword"), Password): Text ****** has been set on object 'Object Repository/Juice/Create Account/input_RegisterPassword'

13-11-2024T11:29:55 - [MESSAGE][PASSED] - Text ****** has been set on object 'Object Repository/Juice/Create Account/input_RegisterPassword'

13-11-2024T11:29:55 - [TEST_STEP][PASSED] - setEncryptedText(findTestObject("Juice/Create Account/input_Password must be 5-40 characters long_eeca64"), Password): Text ****** has been set on object 'Object Repository/Juice/Create Account/input_Password must be 5-40 characters long_eeca64'

13-11-2024T11:29:56 - [MESSAGE][PASSED] - Text ****** has been set on object 'Object Repository/Juice/Create Account/input_Password must be 5-40 characters long_eeca64'

13-11-2024T11:29:56 - [TEST_STEP][PASSED] - click(findTestObject("Juice/Create Account/span_SecurityDropdown")): Object: 'Object Repository/Juice/Create Account/span_SecurityDropdown' is clicked on

13-11-2024T11:29:56 - [MESSAGE][PASSED] - Object: 'Object Repository/Juice/Create Account/span_SecurityDropdown' is clicked on

13-11-2024T11:29:56 - [TEST_STEP][PASSED] - click(findTestObject("Juice/Create Account/span_Your eldest siblings middle name"), STOP_ON_FAILURE): Object: 'Object Repository/Juice/Create Account/span_Your eldest siblings middle name' is clicked on

13-11-2024T11:29:56 - [MESSAGE][PASSED] - Object: 'Object Repository/Juice/Create Account/span_Your eldest siblings middle name' is clicked on

13-11-2024T11:29:56 - [TEST_STEP][PASSED] - setText(findTestObject("Juice/Create Account/input_SecurityAnswer"), "tole"): Text 'tole' is set on object 'Object Repository/Juice/Create Account/input_SecurityAnswer'

13-11-2024T11:29:57 - [MESSAGE][PASSED] - Text 'tole' is set on object 'Object Repository/Juice/Create Account/input_SecurityAnswer'

13-11-2024T11:29:57 - [TEST_STEP][PASSED] - click(findTestObject("Juice/Create Account/Button_Register")): Object: 'Object Repository/Juice/Create Account/Button_Register' is clicked on

13-11-2024T11:29:57 - [MESSAGE][PASSED] - Object: 'Object Repository/Juice/Create Account/Button_Register' is clicked on

13-11-2024T11:29:57 - [TEST_STEP][PASSED] - verifyElementText(findTestObject("Juice/Create Account/h1_Login"), "Login", OPTIONAL): Actual text 'User Registration' and expected text 'Login' of test object 'Object Repository/Juice/Create Account/h1_Login' are NOT matched. (Root cause: com.kms.katalon.core.exception.StepFailedException: Actual text 'User Registration' and expected text 'Login' of test object 'Object Repository/Juice/Create Account/h1_Login' are NOT matched.
	at com.kms.katalon.core.webui.keyword.internal.WebUIKeywordMain.stepFailed(WebUIKeywordMain.groovy:117)
	at com.kms.katalon.core.webui.keyword.builtin.VerifyElementTextKeyword$_verifyElementText_closure1.doCall(VerifyElementTextKeyword.groovy:57)
	at com.kms.katalon.core.webui.keyword.builtin.VerifyElementTextKeyword$_verifyElementText_closure1.call(VerifyElementTextKeyword.groovy)
	at com.kms.katalon.core.webui.keyword.internal.WebUIKeywordMain.runKeyword(WebUIKeywordMain.groovy:35)
	at com.kms.katalon.core.webui.keyword.builtin.VerifyElementTextKeyword.verifyElementText(VerifyElementTextKeyword.groovy:72)
	at com.kms.katalon.core.webui.keyword.builtin.VerifyElementTextKeyword.execute(VerifyElementTextKeyword.groovy:40)
	at com.kms.katalon.core.keyword.internal.KeywordExecutor.executeKeywordForPlatform(KeywordExecutor.groovy:74)
	at com.kms.katalon.core.webui.keyword.WebUiBuiltInKeywords.verifyElementText(WebUiBuiltInKeywords.groovy:4819)
	at TC_Create Account.run(TC_Create Account:44)
	at com.kms.katalon.core.main.ScriptEngine.run(ScriptEngine.java:194)
	at com.kms.katalon.core.main.ScriptEngine.runScriptAsRawText(ScriptEngine.java:119)
	at com.kms.katalon.core.main.TestCaseExecutor.runScript(TestCaseExecutor.java:448)
	at com.kms.katalon.core.main.TestCaseExecutor.doExecute(TestCaseExecutor.java:439)
	at com.kms.katalon.core.main.TestCaseExecutor.processExecutionPhase(TestCaseExecutor.java:418)
	at com.kms.katalon.core.main.TestCaseExecutor.accessMainPhase(TestCaseExecutor.java:410)
	at com.kms.katalon.core.main.TestCaseExecutor.execute(TestCaseExecutor.java:285)
	at com.kms.katalon.core.main.TestCaseMain.runTestCase(TestCaseMain.java:137)
	at com.kms.katalon.core.keyword.builtin.CallTestCaseKeyword$_callTestCase_closure1.doCall(CallTestCaseKeyword.groovy:59)
	at com.kms.katalon.core.keyword.builtin.CallTestCaseKeyword$_callTestCase_closure1.call(CallTestCaseKeyword.groovy)
	at com.kms.katalon.core.keyword.internal.KeywordMain.runKeyword(KeywordMain.groovy:75)
	at com.kms.katalon.core.keyword.builtin.CallTestCaseKeyword.callTestCase(CallTestCaseKeyword.groovy:81)
	at com.kms.katalon.core.keyword.builtin.CallTestCaseKeyword.execute(CallTestCaseKeyword.groovy:44)
	at com.kms.katalon.core.keyword.internal.KeywordExecutor.executeKeywordForPlatform(KeywordExecutor.groovy:74)
	at com.kms.katalon.core.keyword.BuiltinKeywords.callTestCase(BuiltinKeywords.groovy:310)
	at java.base/jdk.internal.reflect.NativeMethodAccessorImpl.invoke0(Native Method)
	at java.base/jdk.internal.reflect.NativeMethodAccessorImpl.invoke(NativeMethodAccessorImpl.java:77)
	at java.base/jdk.internal.reflect.DelegatingMethodAccessorImpl.invoke(DelegatingMethodAccessorImpl.java:43)
	at TC_Buying Products.run(TC_Buying Products:20)
	at com.kms.katalon.core.main.ScriptEngine.run(ScriptEngine.java:194)
	at com.kms.katalon.core.main.ScriptEngine.runScriptAsRawText(ScriptEngine.java:119)
	at com.kms.katalon.core.main.TestCaseExecutor.runScript(TestCaseExecutor.java:448)
	at com.kms.katalon.core.main.TestCaseExecutor.doExecute(TestCaseExecutor.java:439)
	at com.kms.katalon.core.main.TestCaseExecutor.processExecutionPhase(TestCaseExecutor.java:418)
	at com.kms.katalon.core.main.TestCaseExecutor.accessMainPhase(TestCaseExecutor.java:410)
	at com.kms.katalon.core.main.TestCaseExecutor.execute(TestCaseExecutor.java:285)
	at com.kms.katalon.core.common.CommonExecutor.accessTestCaseMainPhase(CommonExecutor.java:65)
	at com.kms.katalon.core.main.TestSuiteExecutor.accessTestSuiteMainPhase(TestSuiteExecutor.java:150)
	at com.kms.katalon.core.main.TestSuiteExecutor.execute(TestSuiteExecutor.java:106)
	at com.kms.katalon.core.main.TestCaseMain.startTestSuite(TestCaseMain.java:180)
	at TempTestSuite1731472096273.run(TempTestSuite1731472096273.groovy:35)
	at java.base/jdk.internal.reflect.NativeMethodAccessorImpl.invoke0(Native Method)
	at java.base/jdk.internal.reflect.NativeMethodAccessorImpl.invoke(NativeMethodAccessorImpl.java:77)
	at java.base/jdk.internal.reflect.DelegatingMethodAccessorImpl.invoke(DelegatingMethodAccessorImpl.java:43)
)

13-11-2024T11:29:58 - [MESSAGE][WARNING] - Actual text 'User Registration' and expected text 'Login' of test object 'Object Repository/Juice/Create Account/h1_Login' are NOT matched. (Root cause: com.kms.katalon.core.exception.StepFailedException: Actual text 'User Registration' and expected text 'Login' of test object 'Object Repository/Juice/Create Account/h1_Login' are NOT matched.
	at com.kms.katalon.core.webui.keyword.internal.WebUIKeywordMain.stepFailed(WebUIKeywordMain.groovy:117)
	at com.kms.katalon.core.webui.keyword.builtin.VerifyElementTextKeyword$_verifyElementText_closure1.doCall(VerifyElementTextKeyword.groovy:57)
	at com.kms.katalon.core.webui.keyword.builtin.VerifyElementTextKeyword$_verifyElementText_closure1.call(VerifyElementTextKeyword.groovy)
	at com.kms.katalon.core.webui.keyword.internal.WebUIKeywordMain.runKeyword(WebUIKeywordMain.groovy:35)
	at com.kms.katalon.core.webui.keyword.builtin.VerifyElementTextKeyword.verifyElementText(VerifyElementTextKeyword.groovy:72)
	at com.kms.katalon.core.webui.keyword.builtin.VerifyElementTextKeyword.execute(VerifyElementTextKeyword.groovy:40)
	at com.kms.katalon.core.keyword.internal.KeywordExecutor.executeKeywordForPlatform(KeywordExecutor.groovy:74)
	at com.kms.katalon.core.webui.keyword.WebUiBuiltInKeywords.verifyElementText(WebUiBuiltInKeywords.groovy:4819)
	at TC_Create Account.run(TC_Create Account:44)
	at com.kms.katalon.core.main.ScriptEngine.run(ScriptEngine.java:194)
	at com.kms.katalon.core.main.ScriptEngine.runScriptAsRawText(ScriptEngine.java:119)
	at com.kms.katalon.core.main.TestCaseExecutor.runScript(TestCaseExecutor.java:448)
	at com.kms.katalon.core.main.TestCaseExecutor.doExecute(TestCaseExecutor.java:439)
	at com.kms.katalon.core.main.TestCaseExecutor.processExecutionPhase(TestCaseExecutor.java:418)
	at com.kms.katalon.core.main.TestCaseExecutor.accessMainPhase(TestCaseExecutor.java:410)
	at com.kms.katalon.core.main.TestCaseExecutor.execute(TestCaseExecutor.java:285)
	at com.kms.katalon.core.main.TestCaseMain.runTestCase(TestCaseMain.java:137)
	at com.kms.katalon.core.keyword.builtin.CallTestCaseKeyword$_callTestCase_closure1.doCall(CallTestCaseKeyword.groovy:59)
	at com.kms.katalon.core.keyword.builtin.CallTestCaseKeyword$_callTestCase_closure1.call(CallTestCaseKeyword.groovy)
	at com.kms.katalon.core.keyword.internal.KeywordMain.runKeyword(KeywordMain.groovy:75)
	at com.kms.katalon.core.keyword.builtin.CallTestCaseKeyword.callTestCase(CallTestCaseKeyword.groovy:81)
	at com.kms.katalon.core.keyword.builtin.CallTestCaseKeyword.execute(CallTestCaseKeyword.groovy:44)
	at com.kms.katalon.core.keyword.internal.KeywordExecutor.executeKeywordForPlatform(KeywordExecutor.groovy:74)
	at com.kms.katalon.core.keyword.BuiltinKeywords.callTestCase(BuiltinKeywords.groovy:310)
	at java.base/jdk.internal.reflect.NativeMethodAccessorImpl.invoke0(Native Method)
	at java.base/jdk.internal.reflect.NativeMethodAccessorImpl.invoke(NativeMethodAccessorImpl.java:77)
	at java.base/jdk.internal.reflect.DelegatingMethodAccessorImpl.invoke(DelegatingMethodAccessorImpl.java:43)
	at TC_Buying Products.run(TC_Buying Products:20)
	at com.kms.katalon.core.main.ScriptEngine.run(ScriptEngine.java:194)
	at com.kms.katalon.core.main.ScriptEngine.runScriptAsRawText(ScriptEngine.java:119)
	at com.kms.katalon.core.main.TestCaseExecutor.runScript(TestCaseExecutor.java:448)
	at com.kms.katalon.core.main.TestCaseExecutor.doExecute(TestCaseExecutor.java:439)
	at com.kms.katalon.core.main.TestCaseExecutor.processExecutionPhase(TestCaseExecutor.java:418)
	at com.kms.katalon.core.main.TestCaseExecutor.accessMainPhase(TestCaseExecutor.java:410)
	at com.kms.katalon.core.main.TestCaseExecutor.execute(TestCaseExecutor.java:285)
	at com.kms.katalon.core.common.CommonExecutor.accessTestCaseMainPhase(CommonExecutor.java:65)
	at com.kms.katalon.core.main.TestSuiteExecutor.accessTestSuiteMainPhase(TestSuiteExecutor.java:150)
	at com.kms.katalon.core.main.TestSuiteExecutor.execute(TestSuiteExecutor.java:106)
	at com.kms.katalon.core.main.TestCaseMain.startTestSuite(TestCaseMain.java:180)
	at TempTestSuite1731472096273.run(TempTestSuite1731472096273.groovy:35)
	at java.base/jdk.internal.reflect.NativeMethodAccessorImpl.invoke0(Native Method)
	at java.base/jdk.internal.reflect.NativeMethodAccessorImpl.invoke(NativeMethodAccessorImpl.java:77)
	at java.base/jdk.internal.reflect.DelegatingMethodAccessorImpl.invoke(DelegatingMethodAccessorImpl.java:43)
)

13-11-2024T11:29:58 - [MESSAGE][PASSED] - Call Test Case 'Test Cases/TC_Juice/TC_Create Account' successfully

13-11-2024T11:29:58 - [TEST_STEP][PASSED] - callTestCase(findTestCase("TC_Juice/Block/Login"), ["Email":Email, "Password":Password], STOP_ON_FAILURE): Call Test Case 'Test Cases/TC_Juice/Block/Login' successfully

13-11-2024T11:29:58 - [TEST_CASE][PASSED] - Test Cases/TC_Juice/Block/Login: Test Cases/TC_Juice/Block/Login

13-11-2024T11:29:58 - [TEST_STEP][PASSED] - click(findTestObject("Object Repository/Juice/Login/span_Account")): Object: 'Object Repository/Juice/Login/span_Account' is clicked on

13-11-2024T11:29:58 - [MESSAGE][PASSED] - Object: 'Object Repository/Juice/Login/span_Account' is clicked on

13-11-2024T11:29:58 - [TEST_STEP][PASSED] - click(findTestObject("Object Repository/Juice/Login/button_exit_to_app  Login")): Object: 'Object Repository/Juice/Login/button_exit_to_app  Login' is clicked on

13-11-2024T11:29:59 - [MESSAGE][PASSED] - Object: 'Object Repository/Juice/Login/button_exit_to_app  Login' is clicked on

13-11-2024T11:29:59 - [TEST_STEP][PASSED] - setText(findTestObject("Object Repository/Juice/Login/input_Login_email"), Email): Text 'ace8@gmail.com' is set on object 'Object Repository/Juice/Login/input_Login_email'

13-11-2024T11:30:00 - [MESSAGE][PASSED] - Text 'ace8@gmail.com' is set on object 'Object Repository/Juice/Login/input_Login_email'

13-11-2024T11:30:00 - [TEST_STEP][PASSED] - setEncryptedText(findTestObject("Object Repository/Juice/Login/input_Email_password"), Password): Text ****** has been set on object 'Object Repository/Juice/Login/input_Email_password'

13-11-2024T11:30:00 - [MESSAGE][PASSED] - Text ****** has been set on object 'Object Repository/Juice/Login/input_Email_password'

13-11-2024T11:30:00 - [TEST_STEP][PASSED] - click(findTestObject("Object Repository/Juice/Login/button_exit_to_app  Log in")): Object: 'Object Repository/Juice/Login/button_exit_to_app  Log in' is clicked on

13-11-2024T11:30:00 - [MESSAGE][PASSED] - Object: 'Object Repository/Juice/Login/button_exit_to_app  Log in' is clicked on

13-11-2024T11:30:00 - [TEST_STEP][PASSED] - click(findTestObject("Object Repository/Juice/Login/button_account_circle  Account")): Object: 'Object Repository/Juice/Login/button_account_circle  Account' is clicked on

13-11-2024T11:30:01 - [MESSAGE][PASSED] - Object: 'Object Repository/Juice/Login/button_account_circle  Account' is clicked on

13-11-2024T11:30:01 - [TEST_STEP][PASSED] - verifyElementText(findTestObject("Object Repository/Juice/Login/span_testgmail.com"), Email): Actual text and expected text of test object 'Object Repository/Juice/Login/span_testgmail.com' are matched.

13-11-2024T11:30:02 - [MESSAGE][PASSED] - Actual text and expected text of test object 'Object Repository/Juice/Login/span_testgmail.com' are matched.

13-11-2024T11:30:02 - [MESSAGE][PASSED] - Call Test Case 'Test Cases/TC_Juice/Block/Login' successfully

13-11-2024T11:30:02 - [TEST_STEP][PASSED] - callTestCase(findTestCase("TC_Juice/Block/Add Address"), ["Country":Country, "Name":Name, "MNumber":MNumber, "ZCode":ZCode, "Address":Address, "State":State, "City":City], STOP_ON_FAILURE): Call Test Case 'Test Cases/TC_Juice/Block/Add Address' successfully

13-11-2024T11:30:02 - [TEST_CASE][PASSED] - Test Cases/TC_Juice/Block/Add Address: Test Cases/TC_Juice/Block/Add Address

13-11-2024T11:30:02 - [TEST_STEP][PASSED] - click(findTestObject("Juice/Add Address/Button_OrdersPayment")): Object: 'Object Repository/Juice/Add Address/Button_OrdersPayment' is clicked on

13-11-2024T11:30:02 - [MESSAGE][PASSED] - Object: 'Object Repository/Juice/Add Address/Button_OrdersPayment' is clicked on

13-11-2024T11:30:02 - [TEST_STEP][PASSED] - click(findTestObject("Juice/Add Address/Button_MySavedAddress")): Object: 'Object Repository/Juice/Add Address/Button_MySavedAddress' is clicked on

13-11-2024T11:30:02 - [MESSAGE][PASSED] - Object: 'Object Repository/Juice/Add Address/Button_MySavedAddress' is clicked on

13-11-2024T11:30:02 - [TEST_STEP][PASSED] - click(findTestObject("Juice/Add Address/Button_AddNewAddress")): Object: 'Object Repository/Juice/Add Address/Button_AddNewAddress' is clicked on

13-11-2024T11:30:03 - [MESSAGE][PASSED] - Object: 'Object Repository/Juice/Add Address/Button_AddNewAddress' is clicked on

13-11-2024T11:30:03 - [TEST_STEP][PASSED] - setText(findTestObject("Juice/Add Address/input_Country"), Country): Text 'Country3' is set on object 'Object Repository/Juice/Add Address/input_Country'

13-11-2024T11:30:04 - [MESSAGE][PASSED] - Text 'Country3' is set on object 'Object Repository/Juice/Add Address/input_Country'

13-11-2024T11:30:04 - [TEST_STEP][PASSED] - setText(findTestObject("Juice/Add Address/input_Name"), Name): Text 'Nama3' is set on object 'Object Repository/Juice/Add Address/input_Name'

13-11-2024T11:30:04 - [MESSAGE][PASSED] - Text 'Nama3' is set on object 'Object Repository/Juice/Add Address/input_Name'

13-11-2024T11:30:04 - [TEST_STEP][PASSED] - setText(findTestObject("Juice/Add Address/input_MobileNumber"), MNumber): Text '10283914' is set on object 'Object Repository/Juice/Add Address/input_MobileNumber'

13-11-2024T11:30:05 - [MESSAGE][PASSED] - Text '10283914' is set on object 'Object Repository/Juice/Add Address/input_MobileNumber'

13-11-2024T11:30:05 - [TEST_STEP][PASSED] - setText(findTestObject("Juice/Add Address/input_ZipCode"), ZCode): Text '12311' is set on object 'Object Repository/Juice/Add Address/input_ZipCode'

13-11-2024T11:30:06 - [MESSAGE][PASSED] - Text '12311' is set on object 'Object Repository/Juice/Add Address/input_ZipCode'

13-11-2024T11:30:06 - [TEST_STEP][PASSED] - setText(findTestObject("Juice/Add Address/textarea_Address"), Address): Text 'Address3' is set on object 'Object Repository/Juice/Add Address/textarea_Address'

13-11-2024T11:30:06 - [MESSAGE][PASSED] - Text 'Address3' is set on object 'Object Repository/Juice/Add Address/textarea_Address'

13-11-2024T11:30:06 - [TEST_STEP][PASSED] - setText(findTestObject("Juice/Add Address/input_City"), City): Text 'City3' is set on object 'Object Repository/Juice/Add Address/input_City'

13-11-2024T11:30:07 - [MESSAGE][PASSED] - Text 'City3' is set on object 'Object Repository/Juice/Add Address/input_City'

13-11-2024T11:30:07 - [TEST_STEP][PASSED] - setText(findTestObject("Juice/Add Address/input_State"), State): Text 'State3' is set on object 'Object Repository/Juice/Add Address/input_State'

13-11-2024T11:30:07 - [MESSAGE][PASSED] - Text 'State3' is set on object 'Object Repository/Juice/Add Address/input_State'

13-11-2024T11:30:07 - [TEST_STEP][PASSED] - click(findTestObject("Juice/Add Address/button_send  Submit")): Object: 'Object Repository/Juice/Add Address/button_send  Submit' is clicked on

13-11-2024T11:30:07 - [MESSAGE][PASSED] - Object: 'Object Repository/Juice/Add Address/button_send  Submit' is clicked on

13-11-2024T11:30:07 - [TEST_STEP][PASSED] - verifyElementText(findTestObject("Juice/Add Address/mat-TitleName"), Name): Actual text and expected text of test object 'Object Repository/Juice/Add Address/mat-TitleName' are matched.

13-11-2024T11:30:08 - [MESSAGE][PASSED] - Actual text and expected text of test object 'Object Repository/Juice/Add Address/mat-TitleName' are matched.

13-11-2024T11:30:08 - [MESSAGE][PASSED] - Call Test Case 'Test Cases/TC_Juice/Block/Add Address' successfully

13-11-2024T11:30:08 - [TEST_STEP][PASSED] - click(findTestObject("Juice/Add Payment/Button_Account")): Object: 'Object Repository/Juice/Add Payment/Button_Account' is clicked on

13-11-2024T11:30:08 - [MESSAGE][PASSED] - Object: 'Object Repository/Juice/Add Payment/Button_Account' is clicked on

13-11-2024T11:30:08 - [TEST_STEP][PASSED] - callTestCase(findTestCase("TC_Juice/Block/Add Payment"), ["CCName":CCName, "CCNumber":CCNumber, "CCMonth":CCMounth, "CCYear":CCYear], STOP_ON_FAILURE): Call Test Case 'Test Cases/TC_Juice/Block/Add Payment' successfully

13-11-2024T11:30:08 - [TEST_CASE][PASSED] - Test Cases/TC_Juice/Block/Add Payment: Test Cases/TC_Juice/Block/Add Payment

13-11-2024T11:30:08 - [TEST_STEP][PASSED] - click(findTestObject("Juice/Add Payment/Button_OrdersPayment")): Object: 'Object Repository/Juice/Add Payment/Button_OrdersPayment' is clicked on

13-11-2024T11:30:09 - [MESSAGE][PASSED] - Object: 'Object Repository/Juice/Add Payment/Button_OrdersPayment' is clicked on

13-11-2024T11:30:09 - [TEST_STEP][PASSED] - click(findTestObject("Juice/Add Payment/Button_My Payment Options")): Object: 'Object Repository/Juice/Add Payment/Button_My Payment Options' is clicked on

13-11-2024T11:30:09 - [MESSAGE][PASSED] - Object: 'Object Repository/Juice/Add Payment/Button_My Payment Options' is clicked on

13-11-2024T11:30:09 - [TEST_STEP][PASSED] - click(findTestObject("Juice/Add Payment/mat-panel-title_Add new card")): Object: 'Object Repository/Juice/Add Payment/mat-panel-title_Add new card' is clicked on

13-11-2024T11:30:10 - [MESSAGE][PASSED] - Object: 'Object Repository/Juice/Add Payment/mat-panel-title_Add new card' is clicked on

13-11-2024T11:30:10 - [TEST_STEP][PASSED] - setText(findTestObject("Juice/Add Payment/input_CCName"), CCName): Text 'Test3' is set on object 'Object Repository/Juice/Add Payment/input_CCName'

13-11-2024T11:30:11 - [MESSAGE][PASSED] - Text 'Test3' is set on object 'Object Repository/Juice/Add Payment/input_CCName'

13-11-2024T11:30:11 - [TEST_STEP][PASSED] - setText(findTestObject("Juice/Add Payment/input_CardNumber"), CCNumber): Text '1230987890213450' is set on object 'Object Repository/Juice/Add Payment/input_CardNumber'

13-11-2024T11:30:11 - [MESSAGE][PASSED] - Text '1230987890213450' is set on object 'Object Repository/Juice/Add Payment/input_CardNumber'

13-11-2024T11:30:11 - [TEST_STEP][PASSED] - selectOptionByValue(findTestObject("Juice/Add Payment/select_Month"), CCMonth, true): All options with value '9' are selected in object 'Object Repository/Juice/Add Payment/select_Month'  using regular expression

13-11-2024T11:30:12 - [MESSAGE][PASSED] - All options with value '9' are selected in object 'Object Repository/Juice/Add Payment/select_Month'  using regular expression

13-11-2024T11:30:12 - [TEST_STEP][PASSED] - selectOptionByValue(findTestObject("Juice/Add Payment/select_Year"), CCYear, true): All options with value '2086' are selected in object 'Object Repository/Juice/Add Payment/select_Year'  using regular expression

13-11-2024T11:30:13 - [MESSAGE][PASSED] - All options with value '2086' are selected in object 'Object Repository/Juice/Add Payment/select_Year'  using regular expression

13-11-2024T11:30:13 - [TEST_STEP][PASSED] - click(findTestObject("Juice/Add Payment/Button_Submit")): Object: 'Object Repository/Juice/Add Payment/Button_Submit' is clicked on

13-11-2024T11:30:13 - [MESSAGE][PASSED] - Object: 'Object Repository/Juice/Add Payment/Button_Submit' is clicked on

13-11-2024T11:30:13 - [TEST_STEP][PASSED] - verifyElementText(findTestObject("Juice/Add Payment/mat-cell_TittleCCName"), CCName): Actual text and expected text of test object 'Object Repository/Juice/Add Payment/mat-cell_TittleCCName' are matched.

13-11-2024T11:30:14 - [MESSAGE][PASSED] - Actual text and expected text of test object 'Object Repository/Juice/Add Payment/mat-cell_TittleCCName' are matched.

13-11-2024T11:30:14 - [MESSAGE][PASSED] - Call Test Case 'Test Cases/TC_Juice/Block/Add Payment' successfully

13-11-2024T11:30:14 - [TEST_STEP][PASSED] - click(findTestObject("Juice/Buying Products/button_OWASP Juice Shop")): Object: 'Object Repository/Juice/Buying Products/button_OWASP Juice Shop' is clicked on

13-11-2024T11:30:14 - [MESSAGE][PASSED] - Object: 'Object Repository/Juice/Buying Products/button_OWASP Juice Shop' is clicked on

13-11-2024T11:30:14 - [TEST_STEP][PASSED] - click(findTestObject("Juice/Buying Products/Button_Add to Basket")): Object: 'Object Repository/Juice/Buying Products/Button_Add to Basket' is clicked on

13-11-2024T11:30:15 - [MESSAGE][PASSED] - Object: 'Object Repository/Juice/Buying Products/Button_Add to Basket' is clicked on

13-11-2024T11:30:15 - [TEST_STEP][PASSED] - click(findTestObject("Juice/Buying Products/button_Add to Basket_1")): Object: 'Object Repository/Juice/Buying Products/button_Add to Basket_1' is clicked on

13-11-2024T11:30:17 - [MESSAGE][PASSED] - Object: 'Object Repository/Juice/Buying Products/button_Add to Basket_1' is clicked on

13-11-2024T11:30:17 - [TEST_STEP][PASSED] - click(findTestObject("Juice/Buying Products/button_Add to Basket_1_2_3")): Object: 'Object Repository/Juice/Buying Products/button_Add to Basket_1_2_3' is clicked on

13-11-2024T11:30:18 - [MESSAGE][PASSED] - Object: 'Object Repository/Juice/Buying Products/button_Add to Basket_1_2_3' is clicked on

13-11-2024T11:30:18 - [TEST_STEP][PASSED] - click(findTestObject("Juice/Buying Products/button_cart")): Object: 'Object Repository/Juice/Buying Products/button_cart' is clicked on

13-11-2024T11:30:19 - [MESSAGE][PASSED] - Object: 'Object Repository/Juice/Buying Products/button_cart' is clicked on

13-11-2024T11:30:19 - [TEST_STEP][PASSED] - click(findTestObject("Juice/Buying Products/button_Checkout")): Object: 'Object Repository/Juice/Buying Products/button_Checkout' is clicked on

13-11-2024T11:30:20 - [MESSAGE][PASSED] - Object: 'Object Repository/Juice/Buying Products/button_Checkout' is clicked on

13-11-2024T11:30:20 - [TEST_STEP][PASSED] - click(findTestObject("Juice/Buying Products/span_RadioAddress")): Object: 'Object Repository/Juice/Buying Products/span_RadioAddress' is clicked on

13-11-2024T11:30:21 - [MESSAGE][PASSED] - Object: 'Object Repository/Juice/Buying Products/span_RadioAddress' is clicked on

13-11-2024T11:30:21 - [TEST_STEP][PASSED] - click(findTestObject("Juice/Buying Products/button_navigate_next Continue")): Object: 'Object Repository/Juice/Buying Products/button_navigate_next Continue' is clicked on

13-11-2024T11:30:21 - [MESSAGE][PASSED] - Object: 'Object Repository/Juice/Buying Products/button_navigate_next Continue' is clicked on

13-11-2024T11:30:21 - [TEST_STEP][PASSED] - click(Delivery): Object: 'Object Repository/Juice/Buying Products/span_Delivery5Days' is clicked on

13-11-2024T11:30:22 - [MESSAGE][PASSED] - Object: 'Object Repository/Juice/Buying Products/span_Delivery5Days' is clicked on

13-11-2024T11:30:22 - [TEST_STEP][PASSED] - select_delivery = Delivery: null

13-11-2024T11:30:22 - [TEST_STEP][PASSED] - click(findTestObject("Juice/Buying Products/button_navigate_next Continue")): Object: 'Object Repository/Juice/Buying Products/button_navigate_next Continue' is clicked on

13-11-2024T11:30:22 - [MESSAGE][PASSED] - Object: 'Object Repository/Juice/Buying Products/button_navigate_next Continue' is clicked on

13-11-2024T11:30:22 - [TEST_STEP][PASSED] - click(findTestObject("Juice/Buying Products/span_RadioPayment")): Object: 'Object Repository/Juice/Buying Products/span_RadioPayment' is clicked on

13-11-2024T11:30:23 - [MESSAGE][PASSED] - Object: 'Object Repository/Juice/Buying Products/span_RadioPayment' is clicked on

13-11-2024T11:30:23 - [TEST_STEP][PASSED] - click(findTestObject("Juice/Buying Products/button_navigate_next Continue")): Object: 'Object Repository/Juice/Buying Products/button_navigate_next Continue' is clicked on

13-11-2024T11:30:23 - [MESSAGE][PASSED] - Object: 'Object Repository/Juice/Buying Products/button_navigate_next Continue' is clicked on

13-11-2024T11:30:23 - [TEST_STEP][PASSED] - click(findTestObject("Juice/Buying Products/button_Place your order and pay")): Object: 'Object Repository/Juice/Buying Products/button_Place your order and pay' is clicked on

13-11-2024T11:30:24 - [MESSAGE][PASSED] - Object: 'Object Repository/Juice/Buying Products/button_Place your order and pay' is clicked on

13-11-2024T11:30:24 - [TEST_STEP][PASSED] - verifyElementText(findTestObject("Juice/Buying Products/h1_Thank you for your purchase"), "Thank you for your purchase!"): Actual text and expected text of test object 'Object Repository/Juice/Buying Products/h1_Thank you for your purchase' are matched.

13-11-2024T11:30:25 - [MESSAGE][PASSED] - Actual text and expected text of test object 'Object Repository/Juice/Buying Products/h1_Thank you for your purchase' are matched.

13-11-2024T11:30:25 - [TEST_STEP][PASSED] - switch (select_delivery): null]]></system-out>
         <system-err><![CDATA[]]></system-err>
      </testcase>
      <system-out><![CDATA[13-11-2024T11:28:25 - [TEST_SUITE][PASSED] - TS_Buying Product: Test Cases/TC_Juice/TC_Buying Products]]></system-out>
      <system-err><![CDATA[]]></system-err>
   </testsuite>
</testsuites>
